[2017-09-27 09:05:27] local.ERROR: ErrorException: Error while sending STMT_PREPARE packet. PID=2451 in /home/vagrant/Code/vendor/laravel/framework/src/Illuminate/Database/Connection.php:319
Stack trace:
#0 [internal function]: Illuminate\Foundation\Bootstrap\HandleExceptions->handleError(2, 'Error while sen...', '/home/vagrant/C...', 319, Array)
#1 /home/vagrant/Code/vendor/laravel/framework/src/Illuminate/Database/Connection.php(319): PDO->prepare('select * from `...')
#2 /home/vagrant/Code/vendor/laravel/framework/src/Illuminate/Database/Connection.php(640): Illuminate\Database\Connection->Illuminate\Database\{closure}('select * from `...', Array)
#3 /home/vagrant/Code/vendor/laravel/framework/src/Illuminate/Database/Connection.php(607): Illuminate\Database\Connection->runQueryCallback('select * from `...', Array, Object(Closure))
#4 /home/vagrant/Code/vendor/laravel/framework/src/Illuminate/Database/Connection.php(326): Illuminate\Database\Connection->run('select * from `...', Array, Object(Closure))
#5 /home/vagrant/Code/vendor/laravel/framework/src/Illuminate/Database/Query/Builder.php(1709): Illuminate\Database\Connection->select('select * from `...', Array, false)
#6 /home/vagrant/Code/vendor/laravel/framework/src/Illuminate/Database/Query/Builder.php(1694): Illuminate\Database\Query\Builder->runSelect()
#7 /home/vagrant/Code/vendor/laravel/framework/src/Illuminate/Database/Concerns/BuildsQueries.php(71): Illuminate\Database\Query\Builder->get(Array)
#8 /home/vagrant/Code/vendor/laravel/framework/src/Illuminate/Queue/DatabaseQueue.php(217): Illuminate\Database\Query\Builder->first()
#9 /home/vagrant/Code/vendor/laravel/framework/src/Illuminate/Queue/DatabaseQueue.php(194): Illuminate\Queue\DatabaseQueue->getNextAvailableJob('default')
#10 /home/vagrant/Code/vendor/laravel/framework/src/Illuminate/Queue/Worker.php(236): Illuminate\Queue\DatabaseQueue->pop('default')
#11 /home/vagrant/Code/vendor/laravel/framework/src/Illuminate/Queue/Worker.php(101): Illuminate\Queue\Worker->getNextJob(Object(Illuminate\Queue\DatabaseQueue), 'default')
#12 /home/vagrant/Code/vendor/laravel/framework/src/Illuminate/Queue/Console/WorkCommand.php(101): Illuminate\Queue\Worker->daemon('database', 'default', Object(Illuminate\Queue\WorkerOptions))
#13 /home/vagrant/Code/vendor/laravel/framework/src/Illuminate/Queue/Console/WorkCommand.php(85): Illuminate\Queue\Console\WorkCommand->runWorker('database', 'default')
#14 [internal function]: Illuminate\Queue\Console\WorkCommand->fire()
#15 /home/vagrant/Code/vendor/laravel/framework/src/Illuminate/Container/BoundMethod.php(29): call_user_func_array(Array, Array)
#16 /home/vagrant/Code/vendor/laravel/framework/src/Illuminate/Container/BoundMethod.php(87): Illuminate\Container\BoundMethod::Illuminate\Container\{closure}()
#17 /home/vagrant/Code/vendor/laravel/framework/src/Illuminate/Container/BoundMethod.php(31): Illuminate\Container\BoundMethod::callBoundMethod(Object(Illuminate\Foundation\Application), Array, Object(Closure))
#18 /home/vagrant/Code/vendor/laravel/framework/src/Illuminate/Container/Container.php(531): Illuminate\Container\BoundMethod::call(Object(Illuminate\Foundation\Application), Array, Array, NULL)
#19 /home/vagrant/Code/vendor/laravel/framework/src/Illuminate/Console/Command.php(182): Illuminate\Container\Container->call(Array)
#20 /home/vagrant/Code/vendor/symfony/console/Command/Command.php(262): Illuminate\Console\Command->execute(Object(Symfony\Component\Console\Input\ArgvInput), Object(Illuminate\Console\OutputStyle))
#21 /home/vagrant/Code/vendor/laravel/framework/src/Illuminate/Console/Command.php(167): Symfony\Component\Console\Command\Command->run(Object(Symfony\Component\Console\Input\ArgvInput), Object(Illuminate\Console\OutputStyle))
#22 /home/vagrant/Code/vendor/symfony/console/Application.php(826): Illuminate\Console\Command->run(Object(Symfony\Component\Console\Input\ArgvInput), Object(Symfony\Component\Console\Output\ConsoleOutput))
#23 /home/vagrant/Code/vendor/symfony/console/Application.php(190): Symfony\Component\Console\Application->doRunCommand(Object(Illuminate\Queue\Console\WorkCommand), Object(Symfony\Component\Console\Input\ArgvInput), Object(Symfony\Component\Console\Output\ConsoleOutput))
#24 /home/vagrant/Code/vendor/symfony/console/Application.php(121): Symfony\Component\Console\Application->doRun(Object(Symfony\Component\Console\Input\ArgvInput), Object(Symfony\Component\Console\Output\ConsoleOutput))
#25 /home/vagrant/Code/vendor/laravel/framework/src/Illuminate/Foundation/Console/Kernel.php(123): Symfony\Component\Console\Application->run(Object(Symfony\Component\Console\Input\ArgvInput), Object(Symfony\Component\Console\Output\ConsoleOutput))
#26 /home/vagrant/Code/artisan(35): Illuminate\Foundation\Console\Kernel->handle(Object(Symfony\Component\Console\Input\ArgvInput), Object(Symfony\Component\Console\Output\ConsoleOutput))
#27 {main}

Next Illuminate\Database\QueryException: Error while sending STMT_PREPARE packet. PID=2451 (SQL: select * from `jobs` where `queue` = default and ((`reserved_at` is null and `available_at` <= 1506503124) or (`reserved_at` <= 1506503034)) order by `id` asc limit 1 for update) in /home/vagrant/Code/vendor/laravel/framework/src/Illuminate/Database/Connection.php:647
Stack trace:
#0 /home/vagrant/Code/vendor/laravel/framework/src/Illuminate/Database/Connection.php(607): Illuminate\Database\Connection->runQueryCallback('select * from `...', Array, Object(Closure))
#1 /home/vagrant/Code/vendor/laravel/framework/src/Illuminate/Database/Connection.php(326): Illuminate\Database\Connection->run('select * from `...', Array, Object(Closure))
#2 /home/vagrant/Code/vendor/laravel/framework/src/Illuminate/Database/Query/Builder.php(1709): Illuminate\Database\Connection->select('select * from `...', Array, false)
#3 /home/vagrant/Code/vendor/laravel/framework/src/Illuminate/Database/Query/Builder.php(1694): Illuminate\Database\Query\Builder->runSelect()
#4 /home/vagrant/Code/vendor/laravel/framework/src/Illuminate/Database/Concerns/BuildsQueries.php(71): Illuminate\Database\Query\Builder->get(Array)
#5 /home/vagrant/Code/vendor/laravel/framework/src/Illuminate/Queue/DatabaseQueue.php(217): Illuminate\Database\Query\Builder->first()
#6 /home/vagrant/Code/vendor/laravel/framework/src/Illuminate/Queue/DatabaseQueue.php(194): Illuminate\Queue\DatabaseQueue->getNextAvailableJob('default')
#7 /home/vagrant/Code/vendor/laravel/framework/src/Illuminate/Queue/Worker.php(236): Illuminate\Queue\DatabaseQueue->pop('default')
#8 /home/vagrant/Code/vendor/laravel/framework/src/Illuminate/Queue/Worker.php(101): Illuminate\Queue\Worker->getNextJob(Object(Illuminate\Queue\DatabaseQueue), 'default')
#9 /home/vagrant/Code/vendor/laravel/framework/src/Illuminate/Queue/Console/WorkCommand.php(101): Illuminate\Queue\Worker->daemon('database', 'default', Object(Illuminate\Queue\WorkerOptions))
#10 /home/vagrant/Code/vendor/laravel/framework/src/Illuminate/Queue/Console/WorkCommand.php(85): Illuminate\Queue\Console\WorkCommand->runWorker('database', 'default')
#11 [internal function]: Illuminate\Queue\Console\WorkCommand->fire()
#12 /home/vagrant/Code/vendor/laravel/framework/src/Illuminate/Container/BoundMethod.php(29): call_user_func_array(Array, Array)
#13 /home/vagrant/Code/vendor/laravel/framework/src/Illuminate/Container/BoundMethod.php(87): Illuminate\Container\BoundMethod::Illuminate\Container\{closure}()
#14 /home/vagrant/Code/vendor/laravel/framework/src/Illuminate/Container/BoundMethod.php(31): Illuminate\Container\BoundMethod::callBoundMethod(Object(Illuminate\Foundation\Application), Array, Object(Closure))
#15 /home/vagrant/Code/vendor/laravel/framework/src/Illuminate/Container/Container.php(531): Illuminate\Container\BoundMethod::call(Object(Illuminate\Foundation\Application), Array, Array, NULL)
#16 /home/vagrant/Code/vendor/laravel/framework/src/Illuminate/Console/Command.php(182): Illuminate\Container\Container->call(Array)
#17 /home/vagrant/Code/vendor/symfony/console/Command/Command.php(262): Illuminate\Console\Command->execute(Object(Symfony\Component\Console\Input\ArgvInput), Object(Illuminate\Console\OutputStyle))
#18 /home/vagrant/Code/vendor/laravel/framework/src/Illuminate/Console/Command.php(167): Symfony\Component\Console\Command\Command->run(Object(Symfony\Component\Console\Input\ArgvInput), Object(Illuminate\Console\OutputStyle))
#19 /home/vagrant/Code/vendor/symfony/console/Application.php(826): Illuminate\Console\Command->run(Object(Symfony\Component\Console\Input\ArgvInput), Object(Symfony\Component\Console\Output\ConsoleOutput))
#20 /home/vagrant/Code/vendor/symfony/console/Application.php(190): Symfony\Component\Console\Application->doRunCommand(Object(Illuminate\Queue\Console\WorkCommand), Object(Symfony\Component\Console\Input\ArgvInput), Object(Symfony\Component\Console\Output\ConsoleOutput))
#21 /home/vagrant/Code/vendor/symfony/console/Application.php(121): Symfony\Component\Console\Application->doRun(Object(Symfony\Component\Console\Input\ArgvInput), Object(Symfony\Component\Console\Output\ConsoleOutput))
#22 /home/vagrant/Code/vendor/laravel/framework/src/Illuminate/Foundation/Console/Kernel.php(123): Symfony\Component\Console\Application->run(Object(Symfony\Component\Console\Input\ArgvInput), Object(Symfony\Component\Console\Output\ConsoleOutput))
#23 /home/vagrant/Code/artisan(35): Illuminate\Foundation\Console\Kernel->handle(Object(Symfony\Component\Console\Input\ArgvInput), Object(Symfony\Component\Console\Output\ConsoleOutput))
#24 {main}  
[2017-09-27 09:05:27] local.ERROR: ErrorException: Error while sending STMT_PREPARE packet. PID=2456 in /home/vagrant/Code/vendor/laravel/framework/src/Illuminate/Database/Connection.php:319
Stack trace:
#0 [internal function]: Illuminate\Foundation\Bootstrap\HandleExceptions->handleError(2, 'Error while sen...', '/home/vagrant/C...', 319, Array)
#1 /home/vagrant/Code/vendor/laravel/framework/src/Illuminate/Database/Connection.php(319): PDO->prepare('select * from `...')
#2 /home/vagrant/Code/vendor/laravel/framework/src/Illuminate/Database/Connection.php(640): Illuminate\Database\Connection->Illuminate\Database\{closure}('select * from `...', Array)
#3 /home/vagrant/Code/vendor/laravel/framework/src/Illuminate/Database/Connection.php(607): Illuminate\Database\Connection->runQueryCallback('select * from `...', Array, Object(Closure))
#4 /home/vagrant/Code/vendor/laravel/framework/src/Illuminate/Database/Connection.php(326): Illuminate\Database\Connection->run('select * from `...', Array, Object(Closure))
#5 /home/vagrant/Code/vendor/laravel/framework/src/Illuminate/Database/Query/Builder.php(1709): Illuminate\Database\Connection->select('select * from `...', Array, false)
#6 /home/vagrant/Code/vendor/laravel/framework/src/Illuminate/Database/Query/Builder.php(1694): Illuminate\Database\Query\Builder->runSelect()
#7 /home/vagrant/Code/vendor/laravel/framework/src/Illuminate/Database/Concerns/BuildsQueries.php(71): Illuminate\Database\Query\Builder->get(Array)
#8 /home/vagrant/Code/vendor/laravel/framework/src/Illuminate/Queue/DatabaseQueue.php(217): Illuminate\Database\Query\Builder->first()
#9 /home/vagrant/Code/vendor/laravel/framework/src/Illuminate/Queue/DatabaseQueue.php(194): Illuminate\Queue\DatabaseQueue->getNextAvailableJob('default')
#10 /home/vagrant/Code/vendor/laravel/framework/src/Illuminate/Queue/Worker.php(236): Illuminate\Queue\DatabaseQueue->pop('default')
#11 /home/vagrant/Code/vendor/laravel/framework/src/Illuminate/Queue/Worker.php(101): Illuminate\Queue\Worker->getNextJob(Object(Illuminate\Queue\DatabaseQueue), 'default')
#12 /home/vagrant/Code/vendor/laravel/framework/src/Illuminate/Queue/Console/WorkCommand.php(101): Illuminate\Queue\Worker->daemon('database', 'default', Object(Illuminate\Queue\WorkerOptions))
#13 /home/vagrant/Code/vendor/laravel/framework/src/Illuminate/Queue/Console/WorkCommand.php(85): Illuminate\Queue\Console\WorkCommand->runWorker('database', 'default')
#14 [internal function]: Illuminate\Queue\Console\WorkCommand->fire()
#15 /home/vagrant/Code/vendor/laravel/framework/src/Illuminate/Container/BoundMethod.php(29): call_user_func_array(Array, Array)
#16 /home/vagrant/Code/vendor/laravel/framework/src/Illuminate/Container/BoundMethod.php(87): Illuminate\Container\BoundMethod::Illuminate\Container\{closure}()
#17 /home/vagrant/Code/vendor/laravel/framework/src/Illuminate/Container/BoundMethod.php(31): Illuminate\Container\BoundMethod::callBoundMethod(Object(Illuminate\Foundation\Application), Array, Object(Closure))
#18 /home/vagrant/Code/vendor/laravel/framework/src/Illuminate/Container/Container.php(531): Illuminate\Container\BoundMethod::call(Object(Illuminate\Foundation\Application), Array, Array, NULL)
#19 /home/vagrant/Code/vendor/laravel/framework/src/Illuminate/Console/Command.php(182): Illuminate\Container\Container->call(Array)
#20 /home/vagrant/Code/vendor/symfony/console/Command/Command.php(262): Illuminate\Console\Command->execute(Object(Symfony\Component\Console\Input\ArgvInput), Object(Illuminate\Console\OutputStyle))
#21 /home/vagrant/Code/vendor/laravel/framework/src/Illuminate/Console/Command.php(167): Symfony\Component\Console\Command\Command->run(Object(Symfony\Component\Console\Input\ArgvInput), Object(Illuminate\Console\OutputStyle))
#22 /home/vagrant/Code/vendor/symfony/console/Application.php(826): Illuminate\Console\Command->run(Object(Symfony\Component\Console\Input\ArgvInput), Object(Symfony\Component\Console\Output\ConsoleOutput))
#23 /home/vagrant/Code/vendor/symfony/console/Application.php(190): Symfony\Component\Console\Application->doRunCommand(Object(Illuminate\Queue\Console\WorkCommand), Object(Symfony\Component\Console\Input\ArgvInput), Object(Symfony\Component\Console\Output\ConsoleOutput))
#24 /home/vagrant/Code/vendor/symfony/console/Application.php(121): Symfony\Component\Console\Application->doRun(Object(Symfony\Component\Console\Input\ArgvInput), Object(Symfony\Component\Console\Output\ConsoleOutput))
#25 /home/vagrant/Code/vendor/laravel/framework/src/Illuminate/Foundation/Console/Kernel.php(123): Symfony\Component\Console\Application->run(Object(Symfony\Component\Console\Input\ArgvInput), Object(Symfony\Component\Console\Output\ConsoleOutput))
#26 /home/vagrant/Code/artisan(35): Illuminate\Foundation\Console\Kernel->handle(Object(Symfony\Component\Console\Input\ArgvInput), Object(Symfony\Component\Console\Output\ConsoleOutput))
#27 {main}

Next Illuminate\Database\QueryException: Error while sending STMT_PREPARE packet. PID=2456 (SQL: select * from `jobs` where `queue` = default and ((`reserved_at` is null and `available_at` <= 1506503125) or (`reserved_at` <= 1506503035)) order by `id` asc limit 1 for update) in /home/vagrant/Code/vendor/laravel/framework/src/Illuminate/Database/Connection.php:647
Stack trace:
#0 /home/vagrant/Code/vendor/laravel/framework/src/Illuminate/Database/Connection.php(607): Illuminate\Database\Connection->runQueryCallback('select * from `...', Array, Object(Closure))
#1 /home/vagrant/Code/vendor/laravel/framework/src/Illuminate/Database/Connection.php(326): Illuminate\Database\Connection->run('select * from `...', Array, Object(Closure))
#2 /home/vagrant/Code/vendor/laravel/framework/src/Illuminate/Database/Query/Builder.php(1709): Illuminate\Database\Connection->select('select * from `...', Array, false)
#3 /home/vagrant/Code/vendor/laravel/framework/src/Illuminate/Database/Query/Builder.php(1694): Illuminate\Database\Query\Builder->runSelect()
#4 /home/vagrant/Code/vendor/laravel/framework/src/Illuminate/Database/Concerns/BuildsQueries.php(71): Illuminate\Database\Query\Builder->get(Array)
#5 /home/vagrant/Code/vendor/laravel/framework/src/Illuminate/Queue/DatabaseQueue.php(217): Illuminate\Database\Query\Builder->first()
#6 /home/vagrant/Code/vendor/laravel/framework/src/Illuminate/Queue/DatabaseQueue.php(194): Illuminate\Queue\DatabaseQueue->getNextAvailableJob('default')
#7 /home/vagrant/Code/vendor/laravel/framework/src/Illuminate/Queue/Worker.php(236): Illuminate\Queue\DatabaseQueue->pop('default')
#8 /home/vagrant/Code/vendor/laravel/framework/src/Illuminate/Queue/Worker.php(101): Illuminate\Queue\Worker->getNextJob(Object(Illuminate\Queue\DatabaseQueue), 'default')
#9 /home/vagrant/Code/vendor/laravel/framework/src/Illuminate/Queue/Console/WorkCommand.php(101): Illuminate\Queue\Worker->daemon('database', 'default', Object(Illuminate\Queue\WorkerOptions))
#10 /home/vagrant/Code/vendor/laravel/framework/src/Illuminate/Queue/Console/WorkCommand.php(85): Illuminate\Queue\Console\WorkCommand->runWorker('database', 'default')
#11 [internal function]: Illuminate\Queue\Console\WorkCommand->fire()
#12 /home/vagrant/Code/vendor/laravel/framework/src/Illuminate/Container/BoundMethod.php(29): call_user_func_array(Array, Array)
#13 /home/vagrant/Code/vendor/laravel/framework/src/Illuminate/Container/BoundMethod.php(87): Illuminate\Container\BoundMethod::Illuminate\Container\{closure}()
#14 /home/vagrant/Code/vendor/laravel/framework/src/Illuminate/Container/BoundMethod.php(31): Illuminate\Container\BoundMethod::callBoundMethod(Object(Illuminate\Foundation\Application), Array, Object(Closure))
#15 /home/vagrant/Code/vendor/laravel/framework/src/Illuminate/Container/Container.php(531): Illuminate\Container\BoundMethod::call(Object(Illuminate\Foundation\Application), Array, Array, NULL)
#16 /home/vagrant/Code/vendor/laravel/framework/src/Illuminate/Console/Command.php(182): Illuminate\Container\Container->call(Array)
#17 /home/vagrant/Code/vendor/symfony/console/Command/Command.php(262): Illuminate\Console\Command->execute(Object(Symfony\Component\Console\Input\ArgvInput), Object(Illuminate\Console\OutputStyle))
#18 /home/vagrant/Code/vendor/laravel/framework/src/Illuminate/Console/Command.php(167): Symfony\Component\Console\Command\Command->run(Object(Symfony\Component\Console\Input\ArgvInput), Object(Illuminate\Console\OutputStyle))
#19 /home/vagrant/Code/vendor/symfony/console/Application.php(826): Illuminate\Console\Command->run(Object(Symfony\Component\Console\Input\ArgvInput), Object(Symfony\Component\Console\Output\ConsoleOutput))
#20 /home/vagrant/Code/vendor/symfony/console/Application.php(190): Symfony\Component\Console\Application->doRunCommand(Object(Illuminate\Queue\Console\WorkCommand), Object(Symfony\Component\Console\Input\ArgvInput), Object(Symfony\Component\Console\Output\ConsoleOutput))
#21 /home/vagrant/Code/vendor/symfony/console/Application.php(121): Symfony\Component\Console\Application->doRun(Object(Symfony\Component\Console\Input\ArgvInput), Object(Symfony\Component\Console\Output\ConsoleOutput))
#22 /home/vagrant/Code/vendor/laravel/framework/src/Illuminate/Foundation/Console/Kernel.php(123): Symfony\Component\Console\Application->run(Object(Symfony\Component\Console\Input\ArgvInput), Object(Symfony\Component\Console\Output\ConsoleOutput))
#23 /home/vagrant/Code/artisan(35): Illuminate\Foundation\Console\Kernel->handle(Object(Symfony\Component\Console\Input\ArgvInput), Object(Symfony\Component\Console\Output\ConsoleOutput))
#24 {main}  
[2017-09-27 09:05:27] local.ERROR: ErrorException: Error while sending STMT_PREPARE packet. PID=2450 in /home/vagrant/Code/vendor/laravel/framework/src/Illuminate/Database/Connection.php:319
Stack trace:
#0 [internal function]: Illuminate\Foundation\Bootstrap\HandleExceptions->handleError(2, 'Error while sen...', '/home/vagrant/C...', 319, Array)
#1 /home/vagrant/Code/vendor/laravel/framework/src/Illuminate/Database/Connection.php(319): PDO->prepare('select * from `...')
#2 /home/vagrant/Code/vendor/laravel/framework/src/Illuminate/Database/Connection.php(640): Illuminate\Database\Connection->Illuminate\Database\{closure}('select * from `...', Array)
#3 /home/vagrant/Code/vendor/laravel/framework/src/Illuminate/Database/Connection.php(607): Illuminate\Database\Connection->runQueryCallback('select * from `...', Array, Object(Closure))
#4 /home/vagrant/Code/vendor/laravel/framework/src/Illuminate/Database/Connection.php(326): Illuminate\Database\Connection->run('select * from `...', Array, Object(Closure))
#5 /home/vagrant/Code/vendor/laravel/framework/src/Illuminate/Database/Query/Builder.php(1709): Illuminate\Database\Connection->select('select * from `...', Array, false)
#6 /home/vagrant/Code/vendor/laravel/framework/src/Illuminate/Database/Query/Builder.php(1694): Illuminate\Database\Query\Builder->runSelect()
#7 /home/vagrant/Code/vendor/laravel/framework/src/Illuminate/Database/Concerns/BuildsQueries.php(71): Illuminate\Database\Query\Builder->get(Array)
#8 /home/vagrant/Code/vendor/laravel/framework/src/Illuminate/Queue/DatabaseQueue.php(217): Illuminate\Database\Query\Builder->first()
#9 /home/vagrant/Code/vendor/laravel/framework/src/Illuminate/Queue/DatabaseQueue.php(194): Illuminate\Queue\DatabaseQueue->getNextAvailableJob('default')
#10 /home/vagrant/Code/vendor/laravel/framework/src/Illuminate/Queue/Worker.php(236): Illuminate\Queue\DatabaseQueue->pop('default')
#11 /home/vagrant/Code/vendor/laravel/framework/src/Illuminate/Queue/Worker.php(101): Illuminate\Queue\Worker->getNextJob(Object(Illuminate\Queue\DatabaseQueue), 'default')
#12 /home/vagrant/Code/vendor/laravel/framework/src/Illuminate/Queue/Console/WorkCommand.php(101): Illuminate\Queue\Worker->daemon('database', 'default', Object(Illuminate\Queue\WorkerOptions))
#13 /home/vagrant/Code/vendor/laravel/framework/src/Illuminate/Queue/Console/WorkCommand.php(85): Illuminate\Queue\Console\WorkCommand->runWorker('database', 'default')
#14 [internal function]: Illuminate\Queue\Console\WorkCommand->fire()
#15 /home/vagrant/Code/vendor/laravel/framework/src/Illuminate/Container/BoundMethod.php(29): call_user_func_array(Array, Array)
#16 /home/vagrant/Code/vendor/laravel/framework/src/Illuminate/Container/BoundMethod.php(87): Illuminate\Container\BoundMethod::Illuminate\Container\{closure}()
#17 /home/vagrant/Code/vendor/laravel/framework/src/Illuminate/Container/BoundMethod.php(31): Illuminate\Container\BoundMethod::callBoundMethod(Object(Illuminate\Foundation\Application), Array, Object(Closure))
#18 /home/vagrant/Code/vendor/laravel/framework/src/Illuminate/Container/Container.php(531): Illuminate\Container\BoundMethod::call(Object(Illuminate\Foundation\Application), Array, Array, NULL)
#19 /home/vagrant/Code/vendor/laravel/framework/src/Illuminate/Console/Command.php(182): Illuminate\Container\Container->call(Array)
#20 /home/vagrant/Code/vendor/symfony/console/Command/Command.php(262): Illuminate\Console\Command->execute(Object(Symfony\Component\Console\Input\ArgvInput), Object(Illuminate\Console\OutputStyle))
#21 /home/vagrant/Code/vendor/laravel/framework/src/Illuminate/Console/Command.php(167): Symfony\Component\Console\Command\Command->run(Object(Symfony\Component\Console\Input\ArgvInput), Object(Illuminate\Console\OutputStyle))
#22 /home/vagrant/Code/vendor/symfony/console/Application.php(826): Illuminate\Console\Command->run(Object(Symfony\Component\Console\Input\ArgvInput), Object(Symfony\Component\Console\Output\ConsoleOutput))
#23 /home/vagrant/Code/vendor/symfony/console/Application.php(190): Symfony\Component\Console\Application->doRunCommand(Object(Illuminate\Queue\Console\WorkCommand), Object(Symfony\Component\Console\Input\ArgvInput), Object(Symfony\Component\Console\Output\ConsoleOutput))
#24 /home/vagrant/Code/vendor/symfony/console/Application.php(121): Symfony\Component\Console\Application->doRun(Object(Symfony\Component\Console\Input\ArgvInput), Object(Symfony\Component\Console\Output\ConsoleOutput))
#25 /home/vagrant/Code/vendor/laravel/framework/src/Illuminate/Foundation/Console/Kernel.php(123): Symfony\Component\Console\Application->run(Object(Symfony\Component\Console\Input\ArgvInput), Object(Symfony\Component\Console\Output\ConsoleOutput))
#26 /home/vagrant/Code/artisan(35): Illuminate\Foundation\Console\Kernel->handle(Object(Symfony\Component\Console\Input\ArgvInput), Object(Symfony\Component\Console\Output\ConsoleOutput))
#27 {main}

Next Illuminate\Database\QueryException: Error while sending STMT_PREPARE packet. PID=2450 (SQL: select * from `jobs` where `queue` = default and ((`reserved_at` is null and `available_at` <= 1506503125) or (`reserved_at` <= 1506503035)) order by `id` asc limit 1 for update) in /home/vagrant/Code/vendor/laravel/framework/src/Illuminate/Database/Connection.php:647
Stack trace:
#0 /home/vagrant/Code/vendor/laravel/framework/src/Illuminate/Database/Connection.php(607): Illuminate\Database\Connection->runQueryCallback('select * from `...', Array, Object(Closure))
#1 /home/vagrant/Code/vendor/laravel/framework/src/Illuminate/Database/Connection.php(326): Illuminate\Database\Connection->run('select * from `...', Array, Object(Closure))
#2 /home/vagrant/Code/vendor/laravel/framework/src/Illuminate/Database/Query/Builder.php(1709): Illuminate\Database\Connection->select('select * from `...', Array, false)
#3 /home/vagrant/Code/vendor/laravel/framework/src/Illuminate/Database/Query/Builder.php(1694): Illuminate\Database\Query\Builder->runSelect()
#4 /home/vagrant/Code/vendor/laravel/framework/src/Illuminate/Database/Concerns/BuildsQueries.php(71): Illuminate\Database\Query\Builder->get(Array)
#5 /home/vagrant/Code/vendor/laravel/framework/src/Illuminate/Queue/DatabaseQueue.php(217): Illuminate\Database\Query\Builder->first()
#6 /home/vagrant/Code/vendor/laravel/framework/src/Illuminate/Queue/DatabaseQueue.php(194): Illuminate\Queue\DatabaseQueue->getNextAvailableJob('default')
#7 /home/vagrant/Code/vendor/laravel/framework/src/Illuminate/Queue/Worker.php(236): Illuminate\Queue\DatabaseQueue->pop('default')
#8 /home/vagrant/Code/vendor/laravel/framework/src/Illuminate/Queue/Worker.php(101): Illuminate\Queue\Worker->getNextJob(Object(Illuminate\Queue\DatabaseQueue), 'default')
#9 /home/vagrant/Code/vendor/laravel/framework/src/Illuminate/Queue/Console/WorkCommand.php(101): Illuminate\Queue\Worker->daemon('database', 'default', Object(Illuminate\Queue\WorkerOptions))
#10 /home/vagrant/Code/vendor/laravel/framework/src/Illuminate/Queue/Console/WorkCommand.php(85): Illuminate\Queue\Console\WorkCommand->runWorker('database', 'default')
#11 [internal function]: Illuminate\Queue\Console\WorkCommand->fire()
#12 /home/vagrant/Code/vendor/laravel/framework/src/Illuminate/Container/BoundMethod.php(29): call_user_func_array(Array, Array)
#13 /home/vagrant/Code/vendor/laravel/framework/src/Illuminate/Container/BoundMethod.php(87): Illuminate\Container\BoundMethod::Illuminate\Container\{closure}()
#14 /home/vagrant/Code/vendor/laravel/framework/src/Illuminate/Container/BoundMethod.php(31): Illuminate\Container\BoundMethod::callBoundMethod(Object(Illuminate\Foundation\Application), Array, Object(Closure))
#15 /home/vagrant/Code/vendor/laravel/framework/src/Illuminate/Container/Container.php(531): Illuminate\Container\BoundMethod::call(Object(Illuminate\Foundation\Application), Array, Array, NULL)
#16 /home/vagrant/Code/vendor/laravel/framework/src/Illuminate/Console/Command.php(182): Illuminate\Container\Container->call(Array)
#17 /home/vagrant/Code/vendor/symfony/console/Command/Command.php(262): Illuminate\Console\Command->execute(Object(Symfony\Component\Console\Input\ArgvInput), Object(Illuminate\Console\OutputStyle))
#18 /home/vagrant/Code/vendor/laravel/framework/src/Illuminate/Console/Command.php(167): Symfony\Component\Console\Command\Command->run(Object(Symfony\Component\Console\Input\ArgvInput), Object(Illuminate\Console\OutputStyle))
#19 /home/vagrant/Code/vendor/symfony/console/Application.php(826): Illuminate\Console\Command->run(Object(Symfony\Component\Console\Input\ArgvInput), Object(Symfony\Component\Console\Output\ConsoleOutput))
#20 /home/vagrant/Code/vendor/symfony/console/Application.php(190): Symfony\Component\Console\Application->doRunCommand(Object(Illuminate\Queue\Console\WorkCommand), Object(Symfony\Component\Console\Input\ArgvInput), Object(Symfony\Component\Console\Output\ConsoleOutput))
#21 /home/vagrant/Code/vendor/symfony/console/Application.php(121): Symfony\Component\Console\Application->doRun(Object(Symfony\Component\Console\Input\ArgvInput), Object(Symfony\Component\Console\Output\ConsoleOutput))
#22 /home/vagrant/Code/vendor/laravel/framework/src/Illuminate/Foundation/Console/Kernel.php(123): Symfony\Component\Console\Application->run(Object(Symfony\Component\Console\Input\ArgvInput), Object(Symfony\Component\Console\Output\ConsoleOutput))
#23 /home/vagrant/Code/artisan(35): Illuminate\Foundation\Console\Kernel->handle(Object(Symfony\Component\Console\Input\ArgvInput), Object(Symfony\Component\Console\Output\ConsoleOutput))
#24 {main}  
[2017-09-27 09:05:27] local.ERROR: ErrorException: Error while sending STMT_PREPARE packet. PID=2452 in /home/vagrant/Code/vendor/laravel/framework/src/Illuminate/Database/Connection.php:319
Stack trace:
#0 [internal function]: Illuminate\Foundation\Bootstrap\HandleExceptions->handleError(2, 'Error while sen...', '/home/vagrant/C...', 319, Array)
#1 /home/vagrant/Code/vendor/laravel/framework/src/Illuminate/Database/Connection.php(319): PDO->prepare('select * from `...')
#2 /home/vagrant/Code/vendor/laravel/framework/src/Illuminate/Database/Connection.php(640): Illuminate\Database\Connection->Illuminate\Database\{closure}('select * from `...', Array)
#3 /home/vagrant/Code/vendor/laravel/framework/src/Illuminate/Database/Connection.php(607): Illuminate\Database\Connection->runQueryCallback('select * from `...', Array, Object(Closure))
#4 /home/vagrant/Code/vendor/laravel/framework/src/Illuminate/Database/Connection.php(326): Illuminate\Database\Connection->run('select * from `...', Array, Object(Closure))
#5 /home/vagrant/Code/vendor/laravel/framework/src/Illuminate/Database/Query/Builder.php(1709): Illuminate\Database\Connection->select('select * from `...', Array, false)
#6 /home/vagrant/Code/vendor/laravel/framework/src/Illuminate/Database/Query/Builder.php(1694): Illuminate\Database\Query\Builder->runSelect()
#7 /home/vagrant/Code/vendor/laravel/framework/src/Illuminate/Database/Concerns/BuildsQueries.php(71): Illuminate\Database\Query\Builder->get(Array)
#8 /home/vagrant/Code/vendor/laravel/framework/src/Illuminate/Queue/DatabaseQueue.php(217): Illuminate\Database\Query\Builder->first()
#9 /home/vagrant/Code/vendor/laravel/framework/src/Illuminate/Queue/DatabaseQueue.php(194): Illuminate\Queue\DatabaseQueue->getNextAvailableJob('default')
#10 /home/vagrant/Code/vendor/laravel/framework/src/Illuminate/Queue/Worker.php(236): Illuminate\Queue\DatabaseQueue->pop('default')
#11 /home/vagrant/Code/vendor/laravel/framework/src/Illuminate/Queue/Worker.php(101): Illuminate\Queue\Worker->getNextJob(Object(Illuminate\Queue\DatabaseQueue), 'default')
#12 /home/vagrant/Code/vendor/laravel/framework/src/Illuminate/Queue/Console/WorkCommand.php(101): Illuminate\Queue\Worker->daemon('database', 'default', Object(Illuminate\Queue\WorkerOptions))
#13 /home/vagrant/Code/vendor/laravel/framework/src/Illuminate/Queue/Console/WorkCommand.php(85): Illuminate\Queue\Console\WorkCommand->runWorker('database', 'default')
#14 [internal function]: Illuminate\Queue\Console\WorkCommand->fire()
#15 /home/vagrant/Code/vendor/laravel/framework/src/Illuminate/Container/BoundMethod.php(29): call_user_func_array(Array, Array)
#16 /home/vagrant/Code/vendor/laravel/framework/src/Illuminate/Container/BoundMethod.php(87): Illuminate\Container\BoundMethod::Illuminate\Container\{closure}()
#17 /home/vagrant/Code/vendor/laravel/framework/src/Illuminate/Container/BoundMethod.php(31): Illuminate\Container\BoundMethod::callBoundMethod(Object(Illuminate\Foundation\Application), Array, Object(Closure))
#18 /home/vagrant/Code/vendor/laravel/framework/src/Illuminate/Container/Container.php(531): Illuminate\Container\BoundMethod::call(Object(Illuminate\Foundation\Application), Array, Array, NULL)
#19 /home/vagrant/Code/vendor/laravel/framework/src/Illuminate/Console/Command.php(182): Illuminate\Container\Container->call(Array)
#20 /home/vagrant/Code/vendor/symfony/console/Command/Command.php(262): Illuminate\Console\Command->execute(Object(Symfony\Component\Console\Input\ArgvInput), Object(Illuminate\Console\OutputStyle))
#21 /home/vagrant/Code/vendor/laravel/framework/src/Illuminate/Console/Command.php(167): Symfony\Component\Console\Command\Command->run(Object(Symfony\Component\Console\Input\ArgvInput), Object(Illuminate\Console\OutputStyle))
#22 /home/vagrant/Code/vendor/symfony/console/Application.php(826): Illuminate\Console\Command->run(Object(Symfony\Component\Console\Input\ArgvInput), Object(Symfony\Component\Console\Output\ConsoleOutput))
#23 /home/vagrant/Code/vendor/symfony/console/Application.php(190): Symfony\Component\Console\Application->doRunCommand(Object(Illuminate\Queue\Console\WorkCommand), Object(Symfony\Component\Console\Input\ArgvInput), Object(Symfony\Component\Console\Output\ConsoleOutput))
#24 /home/vagrant/Code/vendor/symfony/console/Application.php(121): Symfony\Component\Console\Application->doRun(Object(Symfony\Component\Console\Input\ArgvInput), Object(Symfony\Component\Console\Output\ConsoleOutput))
#25 /home/vagrant/Code/vendor/laravel/framework/src/Illuminate/Foundation/Console/Kernel.php(123): Symfony\Component\Console\Application->run(Object(Symfony\Component\Console\Input\ArgvInput), Object(Symfony\Component\Console\Output\ConsoleOutput))
#26 /home/vagrant/Code/artisan(35): Illuminate\Foundation\Console\Kernel->handle(Object(Symfony\Component\Console\Input\ArgvInput), Object(Symfony\Component\Console\Output\ConsoleOutput))
#27 {main}

Next Illuminate\Database\QueryException: Error while sending STMT_PREPARE packet. PID=2452 (SQL: select * from `jobs` where `queue` = default and ((`reserved_at` is null and `available_at` <= 1506503125) or (`reserved_at` <= 1506503035)) order by `id` asc limit 1 for update) in /home/vagrant/Code/vendor/laravel/framework/src/Illuminate/Database/Connection.php:647
Stack trace:
#0 /home/vagrant/Code/vendor/laravel/framework/src/Illuminate/Database/Connection.php(607): Illuminate\Database\Connection->runQueryCallback('select * from `...', Array, Object(Closure))
#1 /home/vagrant/Code/vendor/laravel/framework/src/Illuminate/Database/Connection.php(326): Illuminate\Database\Connection->run('select * from `...', Array, Object(Closure))
#2 /home/vagrant/Code/vendor/laravel/framework/src/Illuminate/Database/Query/Builder.php(1709): Illuminate\Database\Connection->select('select * from `...', Array, false)
#3 /home/vagrant/Code/vendor/laravel/framework/src/Illuminate/Database/Query/Builder.php(1694): Illuminate\Database\Query\Builder->runSelect()
#4 /home/vagrant/Code/vendor/laravel/framework/src/Illuminate/Database/Concerns/BuildsQueries.php(71): Illuminate\Database\Query\Builder->get(Array)
#5 /home/vagrant/Code/vendor/laravel/framework/src/Illuminate/Queue/DatabaseQueue.php(217): Illuminate\Database\Query\Builder->first()
#6 /home/vagrant/Code/vendor/laravel/framework/src/Illuminate/Queue/DatabaseQueue.php(194): Illuminate\Queue\DatabaseQueue->getNextAvailableJob('default')
#7 /home/vagrant/Code/vendor/laravel/framework/src/Illuminate/Queue/Worker.php(236): Illuminate\Queue\DatabaseQueue->pop('default')
#8 /home/vagrant/Code/vendor/laravel/framework/src/Illuminate/Queue/Worker.php(101): Illuminate\Queue\Worker->getNextJob(Object(Illuminate\Queue\DatabaseQueue), 'default')
#9 /home/vagrant/Code/vendor/laravel/framework/src/Illuminate/Queue/Console/WorkCommand.php(101): Illuminate\Queue\Worker->daemon('database', 'default', Object(Illuminate\Queue\WorkerOptions))
#10 /home/vagrant/Code/vendor/laravel/framework/src/Illuminate/Queue/Console/WorkCommand.php(85): Illuminate\Queue\Console\WorkCommand->runWorker('database', 'default')
#11 [internal function]: Illuminate\Queue\Console\WorkCommand->fire()
#12 /home/vagrant/Code/vendor/laravel/framework/src/Illuminate/Container/BoundMethod.php(29): call_user_func_array(Array, Array)
#13 /home/vagrant/Code/vendor/laravel/framework/src/Illuminate/Container/BoundMethod.php(87): Illuminate\Container\BoundMethod::Illuminate\Container\{closure}()
#14 /home/vagrant/Code/vendor/laravel/framework/src/Illuminate/Container/BoundMethod.php(31): Illuminate\Container\BoundMethod::callBoundMethod(Object(Illuminate\Foundation\Application), Array, Object(Closure))
#15 /home/vagrant/Code/vendor/laravel/framework/src/Illuminate/Container/Container.php(531): Illuminate\Container\BoundMethod::call(Object(Illuminate\Foundation\Application), Array, Array, NULL)
#16 /home/vagrant/Code/vendor/laravel/framework/src/Illuminate/Console/Command.php(182): Illuminate\Container\Container->call(Array)
#17 /home/vagrant/Code/vendor/symfony/console/Command/Command.php(262): Illuminate\Console\Command->execute(Object(Symfony\Component\Console\Input\ArgvInput), Object(Illuminate\Console\OutputStyle))
#18 /home/vagrant/Code/vendor/laravel/framework/src/Illuminate/Console/Command.php(167): Symfony\Component\Console\Command\Command->run(Object(Symfony\Component\Console\Input\ArgvInput), Object(Illuminate\Console\OutputStyle))
#19 /home/vagrant/Code/vendor/symfony/console/Application.php(826): Illuminate\Console\Command->run(Object(Symfony\Component\Console\Input\ArgvInput), Object(Symfony\Component\Console\Output\ConsoleOutput))
#20 /home/vagrant/Code/vendor/symfony/console/Application.php(190): Symfony\Component\Console\Application->doRunCommand(Object(Illuminate\Queue\Console\WorkCommand), Object(Symfony\Component\Console\Input\ArgvInput), Object(Symfony\Component\Console\Output\ConsoleOutput))
#21 /home/vagrant/Code/vendor/symfony/console/Application.php(121): Symfony\Component\Console\Application->doRun(Object(Symfony\Component\Console\Input\ArgvInput), Object(Symfony\Component\Console\Output\ConsoleOutput))
#22 /home/vagrant/Code/vendor/laravel/framework/src/Illuminate/Foundation/Console/Kernel.php(123): Symfony\Component\Console\Application->run(Object(Symfony\Component\Console\Input\ArgvInput), Object(Symfony\Component\Console\Output\ConsoleOutput))
#23 /home/vagrant/Code/artisan(35): Illuminate\Foundation\Console\Kernel->handle(Object(Symfony\Component\Console\Input\ArgvInput), Object(Symfony\Component\Console\Output\ConsoleOutput))
#24 {main}  
[2017-09-27 09:05:27] local.ERROR: ErrorException: Error while sending STMT_PREPARE packet. PID=2458 in /home/vagrant/Code/vendor/laravel/framework/src/Illuminate/Database/Connection.php:319
Stack trace:
#0 [internal function]: Illuminate\Foundation\Bootstrap\HandleExceptions->handleError(2, 'Error while sen...', '/home/vagrant/C...', 319, Array)
#1 /home/vagrant/Code/vendor/laravel/framework/src/Illuminate/Database/Connection.php(319): PDO->prepare('select * from `...')
#2 /home/vagrant/Code/vendor/laravel/framework/src/Illuminate/Database/Connection.php(640): Illuminate\Database\Connection->Illuminate\Database\{closure}('select * from `...', Array)
#3 /home/vagrant/Code/vendor/laravel/framework/src/Illuminate/Database/Connection.php(607): Illuminate\Database\Connection->runQueryCallback('select * from `...', Array, Object(Closure))
#4 /home/vagrant/Code/vendor/laravel/framework/src/Illuminate/Database/Connection.php(326): Illuminate\Database\Connection->run('select * from `...', Array, Object(Closure))
#5 /home/vagrant/Code/vendor/laravel/framework/src/Illuminate/Database/Query/Builder.php(1709): Illuminate\Database\Connection->select('select * from `...', Array, false)
#6 /home/vagrant/Code/vendor/laravel/framework/src/Illuminate/Database/Query/Builder.php(1694): Illuminate\Database\Query\Builder->runSelect()
#7 /home/vagrant/Code/vendor/laravel/framework/src/Illuminate/Database/Concerns/BuildsQueries.php(71): Illuminate\Database\Query\Builder->get(Array)
#8 /home/vagrant/Code/vendor/laravel/framework/src/Illuminate/Queue/DatabaseQueue.php(217): Illuminate\Database\Query\Builder->first()
#9 /home/vagrant/Code/vendor/laravel/framework/src/Illuminate/Queue/DatabaseQueue.php(194): Illuminate\Queue\DatabaseQueue->getNextAvailableJob('default')
#10 /home/vagrant/Code/vendor/laravel/framework/src/Illuminate/Queue/Worker.php(236): Illuminate\Queue\DatabaseQueue->pop('default')
#11 /home/vagrant/Code/vendor/laravel/framework/src/Illuminate/Queue/Worker.php(101): Illuminate\Queue\Worker->getNextJob(Object(Illuminate\Queue\DatabaseQueue), 'default')
#12 /home/vagrant/Code/vendor/laravel/framework/src/Illuminate/Queue/Console/WorkCommand.php(101): Illuminate\Queue\Worker->daemon('database', 'default', Object(Illuminate\Queue\WorkerOptions))
#13 /home/vagrant/Code/vendor/laravel/framework/src/Illuminate/Queue/Console/WorkCommand.php(85): Illuminate\Queue\Console\WorkCommand->runWorker('database', 'default')
#14 [internal function]: Illuminate\Queue\Console\WorkCommand->fire()
#15 /home/vagrant/Code/vendor/laravel/framework/src/Illuminate/Container/BoundMethod.php(29): call_user_func_array(Array, Array)
#16 /home/vagrant/Code/vendor/laravel/framework/src/Illuminate/Container/BoundMethod.php(87): Illuminate\Container\BoundMethod::Illuminate\Container\{closure}()
#17 /home/vagrant/Code/vendor/laravel/framework/src/Illuminate/Container/BoundMethod.php(31): Illuminate\Container\BoundMethod::callBoundMethod(Object(Illuminate\Foundation\Application), Array, Object(Closure))
#18 /home/vagrant/Code/vendor/laravel/framework/src/Illuminate/Container/Container.php(531): Illuminate\Container\BoundMethod::call(Object(Illuminate\Foundation\Application), Array, Array, NULL)
#19 /home/vagrant/Code/vendor/laravel/framework/src/Illuminate/Console/Command.php(182): Illuminate\Container\Container->call(Array)
#20 /home/vagrant/Code/vendor/symfony/console/Command/Command.php(262): Illuminate\Console\Command->execute(Object(Symfony\Component\Console\Input\ArgvInput), Object(Illuminate\Console\OutputStyle))
#21 /home/vagrant/Code/vendor/laravel/framework/src/Illuminate/Console/Command.php(167): Symfony\Component\Console\Command\Command->run(Object(Symfony\Component\Console\Input\ArgvInput), Object(Illuminate\Console\OutputStyle))
#22 /home/vagrant/Code/vendor/symfony/console/Application.php(826): Illuminate\Console\Command->run(Object(Symfony\Component\Console\Input\ArgvInput), Object(Symfony\Component\Console\Output\ConsoleOutput))
#23 /home/vagrant/Code/vendor/symfony/console/Application.php(190): Symfony\Component\Console\Application->doRunCommand(Object(Illuminate\Queue\Console\WorkCommand), Object(Symfony\Component\Console\Input\ArgvInput), Object(Symfony\Component\Console\Output\ConsoleOutput))
#24 /home/vagrant/Code/vendor/symfony/console/Application.php(121): Symfony\Component\Console\Application->doRun(Object(Symfony\Component\Console\Input\ArgvInput), Object(Symfony\Component\Console\Output\ConsoleOutput))
#25 /home/vagrant/Code/vendor/laravel/framework/src/Illuminate/Foundation/Console/Kernel.php(123): Symfony\Component\Console\Application->run(Object(Symfony\Component\Console\Input\ArgvInput), Object(Symfony\Component\Console\Output\ConsoleOutput))
#26 /home/vagrant/Code/artisan(35): Illuminate\Foundation\Console\Kernel->handle(Object(Symfony\Component\Console\Input\ArgvInput), Object(Symfony\Component\Console\Output\ConsoleOutput))
#27 {main}

Next Illuminate\Database\QueryException: Error while sending STMT_PREPARE packet. PID=2458 (SQL: select * from `jobs` where `queue` = default and ((`reserved_at` is null and `available_at` <= 1506503125) or (`reserved_at` <= 1506503035)) order by `id` asc limit 1 for update) in /home/vagrant/Code/vendor/laravel/framework/src/Illuminate/Database/Connection.php:647
Stack trace:
#0 /home/vagrant/Code/vendor/laravel/framework/src/Illuminate/Database/Connection.php(607): Illuminate\Database\Connection->runQueryCallback('select * from `...', Array, Object(Closure))
#1 /home/vagrant/Code/vendor/laravel/framework/src/Illuminate/Database/Connection.php(326): Illuminate\Database\Connection->run('select * from `...', Array, Object(Closure))
#2 /home/vagrant/Code/vendor/laravel/framework/src/Illuminate/Database/Query/Builder.php(1709): Illuminate\Database\Connection->select('select * from `...', Array, false)
#3 /home/vagrant/Code/vendor/laravel/framework/src/Illuminate/Database/Query/Builder.php(1694): Illuminate\Database\Query\Builder->runSelect()
#4 /home/vagrant/Code/vendor/laravel/framework/src/Illuminate/Database/Concerns/BuildsQueries.php(71): Illuminate\Database\Query\Builder->get(Array)
#5 /home/vagrant/Code/vendor/laravel/framework/src/Illuminate/Queue/DatabaseQueue.php(217): Illuminate\Database\Query\Builder->first()
#6 /home/vagrant/Code/vendor/laravel/framework/src/Illuminate/Queue/DatabaseQueue.php(194): Illuminate\Queue\DatabaseQueue->getNextAvailableJob('default')
#7 /home/vagrant/Code/vendor/laravel/framework/src/Illuminate/Queue/Worker.php(236): Illuminate\Queue\DatabaseQueue->pop('default')
#8 /home/vagrant/Code/vendor/laravel/framework/src/Illuminate/Queue/Worker.php(101): Illuminate\Queue\Worker->getNextJob(Object(Illuminate\Queue\DatabaseQueue), 'default')
#9 /home/vagrant/Code/vendor/laravel/framework/src/Illuminate/Queue/Console/WorkCommand.php(101): Illuminate\Queue\Worker->daemon('database', 'default', Object(Illuminate\Queue\WorkerOptions))
#10 /home/vagrant/Code/vendor/laravel/framework/src/Illuminate/Queue/Console/WorkCommand.php(85): Illuminate\Queue\Console\WorkCommand->runWorker('database', 'default')
#11 [internal function]: Illuminate\Queue\Console\WorkCommand->fire()
#12 /home/vagrant/Code/vendor/laravel/framework/src/Illuminate/Container/BoundMethod.php(29): call_user_func_array(Array, Array)
#13 /home/vagrant/Code/vendor/laravel/framework/src/Illuminate/Container/BoundMethod.php(87): Illuminate\Container\BoundMethod::Illuminate\Container\{closure}()
#14 /home/vagrant/Code/vendor/laravel/framework/src/Illuminate/Container/BoundMethod.php(31): Illuminate\Container\BoundMethod::callBoundMethod(Object(Illuminate\Foundation\Application), Array, Object(Closure))
#15 /home/vagrant/Code/vendor/laravel/framework/src/Illuminate/Container/Container.php(531): Illuminate\Container\BoundMethod::call(Object(Illuminate\Foundation\Application), Array, Array, NULL)
#16 /home/vagrant/Code/vendor/laravel/framework/src/Illuminate/Console/Command.php(182): Illuminate\Container\Container->call(Array)
#17 /home/vagrant/Code/vendor/symfony/console/Command/Command.php(262): Illuminate\Console\Command->execute(Object(Symfony\Component\Console\Input\ArgvInput), Object(Illuminate\Console\OutputStyle))
#18 /home/vagrant/Code/vendor/laravel/framework/src/Illuminate/Console/Command.php(167): Symfony\Component\Console\Command\Command->run(Object(Symfony\Component\Console\Input\ArgvInput), Object(Illuminate\Console\OutputStyle))
#19 /home/vagrant/Code/vendor/symfony/console/Application.php(826): Illuminate\Console\Command->run(Object(Symfony\Component\Console\Input\ArgvInput), Object(Symfony\Component\Console\Output\ConsoleOutput))
#20 /home/vagrant/Code/vendor/symfony/console/Application.php(190): Symfony\Component\Console\Application->doRunCommand(Object(Illuminate\Queue\Console\WorkCommand), Object(Symfony\Component\Console\Input\ArgvInput), Object(Symfony\Component\Console\Output\ConsoleOutput))
#21 /home/vagrant/Code/vendor/symfony/console/Application.php(121): Symfony\Component\Console\Application->doRun(Object(Symfony\Component\Console\Input\ArgvInput), Object(Symfony\Component\Console\Output\ConsoleOutput))
#22 /home/vagrant/Code/vendor/laravel/framework/src/Illuminate/Foundation/Console/Kernel.php(123): Symfony\Component\Console\Application->run(Object(Symfony\Component\Console\Input\ArgvInput), Object(Symfony\Component\Console\Output\ConsoleOutput))
#23 /home/vagrant/Code/artisan(35): Illuminate\Foundation\Console\Kernel->handle(Object(Symfony\Component\Console\Input\ArgvInput), Object(Symfony\Component\Console\Output\ConsoleOutput))
#24 {main}  
[2017-09-27 09:05:27] local.ERROR: ErrorException: Error while sending STMT_PREPARE packet. PID=2449 in /home/vagrant/Code/vendor/laravel/framework/src/Illuminate/Database/Connection.php:319
Stack trace:
#0 [internal function]: Illuminate\Foundation\Bootstrap\HandleExceptions->handleError(2, 'Error while sen...', '/home/vagrant/C...', 319, Array)
#1 /home/vagrant/Code/vendor/laravel/framework/src/Illuminate/Database/Connection.php(319): PDO->prepare('select * from `...')
#2 /home/vagrant/Code/vendor/laravel/framework/src/Illuminate/Database/Connection.php(640): Illuminate\Database\Connection->Illuminate\Database\{closure}('select * from `...', Array)
#3 /home/vagrant/Code/vendor/laravel/framework/src/Illuminate/Database/Connection.php(607): Illuminate\Database\Connection->runQueryCallback('select * from `...', Array, Object(Closure))
#4 /home/vagrant/Code/vendor/laravel/framework/src/Illuminate/Database/Connection.php(326): Illuminate\Database\Connection->run('select * from `...', Array, Object(Closure))
#5 /home/vagrant/Code/vendor/laravel/framework/src/Illuminate/Database/Query/Builder.php(1709): Illuminate\Database\Connection->select('select * from `...', Array, false)
#6 /home/vagrant/Code/vendor/laravel/framework/src/Illuminate/Database/Query/Builder.php(1694): Illuminate\Database\Query\Builder->runSelect()
#7 /home/vagrant/Code/vendor/laravel/framework/src/Illuminate/Database/Concerns/BuildsQueries.php(71): Illuminate\Database\Query\Builder->get(Array)
#8 /home/vagrant/Code/vendor/laravel/framework/src/Illuminate/Queue/DatabaseQueue.php(217): Illuminate\Database\Query\Builder->first()
#9 /home/vagrant/Code/vendor/laravel/framework/src/Illuminate/Queue/DatabaseQueue.php(194): Illuminate\Queue\DatabaseQueue->getNextAvailableJob('default')
#10 /home/vagrant/Code/vendor/laravel/framework/src/Illuminate/Queue/Worker.php(236): Illuminate\Queue\DatabaseQueue->pop('default')
#11 /home/vagrant/Code/vendor/laravel/framework/src/Illuminate/Queue/Worker.php(101): Illuminate\Queue\Worker->getNextJob(Object(Illuminate\Queue\DatabaseQueue), 'default')
#12 /home/vagrant/Code/vendor/laravel/framework/src/Illuminate/Queue/Console/WorkCommand.php(101): Illuminate\Queue\Worker->daemon('database', 'default', Object(Illuminate\Queue\WorkerOptions))
#13 /home/vagrant/Code/vendor/laravel/framework/src/Illuminate/Queue/Console/WorkCommand.php(85): Illuminate\Queue\Console\WorkCommand->runWorker('database', 'default')
#14 [internal function]: Illuminate\Queue\Console\WorkCommand->fire()
#15 /home/vagrant/Code/vendor/laravel/framework/src/Illuminate/Container/BoundMethod.php(29): call_user_func_array(Array, Array)
#16 /home/vagrant/Code/vendor/laravel/framework/src/Illuminate/Container/BoundMethod.php(87): Illuminate\Container\BoundMethod::Illuminate\Container\{closure}()
#17 /home/vagrant/Code/vendor/laravel/framework/src/Illuminate/Container/BoundMethod.php(31): Illuminate\Container\BoundMethod::callBoundMethod(Object(Illuminate\Foundation\Application), Array, Object(Closure))
#18 /home/vagrant/Code/vendor/laravel/framework/src/Illuminate/Container/Container.php(531): Illuminate\Container\BoundMethod::call(Object(Illuminate\Foundation\Application), Array, Array, NULL)
#19 /home/vagrant/Code/vendor/laravel/framework/src/Illuminate/Console/Command.php(182): Illuminate\Container\Container->call(Array)
#20 /home/vagrant/Code/vendor/symfony/console/Command/Command.php(262): Illuminate\Console\Command->execute(Object(Symfony\Component\Console\Input\ArgvInput), Object(Illuminate\Console\OutputStyle))
#21 /home/vagrant/Code/vendor/laravel/framework/src/Illuminate/Console/Command.php(167): Symfony\Component\Console\Command\Command->run(Object(Symfony\Component\Console\Input\ArgvInput), Object(Illuminate\Console\OutputStyle))
#22 /home/vagrant/Code/vendor/symfony/console/Application.php(826): Illuminate\Console\Command->run(Object(Symfony\Component\Console\Input\ArgvInput), Object(Symfony\Component\Console\Output\ConsoleOutput))
#23 /home/vagrant/Code/vendor/symfony/console/Application.php(190): Symfony\Component\Console\Application->doRunCommand(Object(Illuminate\Queue\Console\WorkCommand), Object(Symfony\Component\Console\Input\ArgvInput), Object(Symfony\Component\Console\Output\ConsoleOutput))
#24 /home/vagrant/Code/vendor/symfony/console/Application.php(121): Symfony\Component\Console\Application->doRun(Object(Symfony\Component\Console\Input\ArgvInput), Object(Symfony\Component\Console\Output\ConsoleOutput))
#25 /home/vagrant/Code/vendor/laravel/framework/src/Illuminate/Foundation/Console/Kernel.php(123): Symfony\Component\Console\Application->run(Object(Symfony\Component\Console\Input\ArgvInput), Object(Symfony\Component\Console\Output\ConsoleOutput))
#26 /home/vagrant/Code/artisan(35): Illuminate\Foundation\Console\Kernel->handle(Object(Symfony\Component\Console\Input\ArgvInput), Object(Symfony\Component\Console\Output\ConsoleOutput))
#27 {main}

Next Illuminate\Database\QueryException: Error while sending STMT_PREPARE packet. PID=2449 (SQL: select * from `jobs` where `queue` = default and ((`reserved_at` is null and `available_at` <= 1506503125) or (`reserved_at` <= 1506503035)) order by `id` asc limit 1 for update) in /home/vagrant/Code/vendor/laravel/framework/src/Illuminate/Database/Connection.php:647
Stack trace:
#0 /home/vagrant/Code/vendor/laravel/framework/src/Illuminate/Database/Connection.php(607): Illuminate\Database\Connection->runQueryCallback('select * from `...', Array, Object(Closure))
#1 /home/vagrant/Code/vendor/laravel/framework/src/Illuminate/Database/Connection.php(326): Illuminate\Database\Connection->run('select * from `...', Array, Object(Closure))
#2 /home/vagrant/Code/vendor/laravel/framework/src/Illuminate/Database/Query/Builder.php(1709): Illuminate\Database\Connection->select('select * from `...', Array, false)
#3 /home/vagrant/Code/vendor/laravel/framework/src/Illuminate/Database/Query/Builder.php(1694): Illuminate\Database\Query\Builder->runSelect()
#4 /home/vagrant/Code/vendor/laravel/framework/src/Illuminate/Database/Concerns/BuildsQueries.php(71): Illuminate\Database\Query\Builder->get(Array)
#5 /home/vagrant/Code/vendor/laravel/framework/src/Illuminate/Queue/DatabaseQueue.php(217): Illuminate\Database\Query\Builder->first()
#6 /home/vagrant/Code/vendor/laravel/framework/src/Illuminate/Queue/DatabaseQueue.php(194): Illuminate\Queue\DatabaseQueue->getNextAvailableJob('default')
#7 /home/vagrant/Code/vendor/laravel/framework/src/Illuminate/Queue/Worker.php(236): Illuminate\Queue\DatabaseQueue->pop('default')
#8 /home/vagrant/Code/vendor/laravel/framework/src/Illuminate/Queue/Worker.php(101): Illuminate\Queue\Worker->getNextJob(Object(Illuminate\Queue\DatabaseQueue), 'default')
#9 /home/vagrant/Code/vendor/laravel/framework/src/Illuminate/Queue/Console/WorkCommand.php(101): Illuminate\Queue\Worker->daemon('database', 'default', Object(Illuminate\Queue\WorkerOptions))
#10 /home/vagrant/Code/vendor/laravel/framework/src/Illuminate/Queue/Console/WorkCommand.php(85): Illuminate\Queue\Console\WorkCommand->runWorker('database', 'default')
#11 [internal function]: Illuminate\Queue\Console\WorkCommand->fire()
#12 /home/vagrant/Code/vendor/laravel/framework/src/Illuminate/Container/BoundMethod.php(29): call_user_func_array(Array, Array)
#13 /home/vagrant/Code/vendor/laravel/framework/src/Illuminate/Container/BoundMethod.php(87): Illuminate\Container\BoundMethod::Illuminate\Container\{closure}()
#14 /home/vagrant/Code/vendor/laravel/framework/src/Illuminate/Container/BoundMethod.php(31): Illuminate\Container\BoundMethod::callBoundMethod(Object(Illuminate\Foundation\Application), Array, Object(Closure))
#15 /home/vagrant/Code/vendor/laravel/framework/src/Illuminate/Container/Container.php(531): Illuminate\Container\BoundMethod::call(Object(Illuminate\Foundation\Application), Array, Array, NULL)
#16 /home/vagrant/Code/vendor/laravel/framework/src/Illuminate/Console/Command.php(182): Illuminate\Container\Container->call(Array)
#17 /home/vagrant/Code/vendor/symfony/console/Command/Command.php(262): Illuminate\Console\Command->execute(Object(Symfony\Component\Console\Input\ArgvInput), Object(Illuminate\Console\OutputStyle))
#18 /home/vagrant/Code/vendor/laravel/framework/src/Illuminate/Console/Command.php(167): Symfony\Component\Console\Command\Command->run(Object(Symfony\Component\Console\Input\ArgvInput), Object(Illuminate\Console\OutputStyle))
#19 /home/vagrant/Code/vendor/symfony/console/Application.php(826): Illuminate\Console\Command->run(Object(Symfony\Component\Console\Input\ArgvInput), Object(Symfony\Component\Console\Output\ConsoleOutput))
#20 /home/vagrant/Code/vendor/symfony/console/Application.php(190): Symfony\Component\Console\Application->doRunCommand(Object(Illuminate\Queue\Console\WorkCommand), Object(Symfony\Component\Console\Input\ArgvInput), Object(Symfony\Component\Console\Output\ConsoleOutput))
#21 /home/vagrant/Code/vendor/symfony/console/Application.php(121): Symfony\Component\Console\Application->doRun(Object(Symfony\Component\Console\Input\ArgvInput), Object(Symfony\Component\Console\Output\ConsoleOutput))
#22 /home/vagrant/Code/vendor/laravel/framework/src/Illuminate/Foundation/Console/Kernel.php(123): Symfony\Component\Console\Application->run(Object(Symfony\Component\Console\Input\ArgvInput), Object(Symfony\Component\Console\Output\ConsoleOutput))
#23 /home/vagrant/Code/artisan(35): Illuminate\Foundation\Console\Kernel->handle(Object(Symfony\Component\Console\Input\ArgvInput), Object(Symfony\Component\Console\Output\ConsoleOutput))
#24 {main}  
[2017-09-27 09:05:27] local.ERROR: ErrorException: Error while sending STMT_PREPARE packet. PID=2454 in /home/vagrant/Code/vendor/laravel/framework/src/Illuminate/Database/Connection.php:319
Stack trace:
#0 [internal function]: Illuminate\Foundation\Bootstrap\HandleExceptions->handleError(2, 'Error while sen...', '/home/vagrant/C...', 319, Array)
#1 /home/vagrant/Code/vendor/laravel/framework/src/Illuminate/Database/Connection.php(319): PDO->prepare('select * from `...')
#2 /home/vagrant/Code/vendor/laravel/framework/src/Illuminate/Database/Connection.php(640): Illuminate\Database\Connection->Illuminate\Database\{closure}('select * from `...', Array)
#3 /home/vagrant/Code/vendor/laravel/framework/src/Illuminate/Database/Connection.php(607): Illuminate\Database\Connection->runQueryCallback('select * from `...', Array, Object(Closure))
#4 /home/vagrant/Code/vendor/laravel/framework/src/Illuminate/Database/Connection.php(326): Illuminate\Database\Connection->run('select * from `...', Array, Object(Closure))
#5 /home/vagrant/Code/vendor/laravel/framework/src/Illuminate/Database/Query/Builder.php(1709): Illuminate\Database\Connection->select('select * from `...', Array, false)
#6 /home/vagrant/Code/vendor/laravel/framework/src/Illuminate/Database/Query/Builder.php(1694): Illuminate\Database\Query\Builder->runSelect()
#7 /home/vagrant/Code/vendor/laravel/framework/src/Illuminate/Database/Concerns/BuildsQueries.php(71): Illuminate\Database\Query\Builder->get(Array)
#8 /home/vagrant/Code/vendor/laravel/framework/src/Illuminate/Queue/DatabaseQueue.php(217): Illuminate\Database\Query\Builder->first()
#9 /home/vagrant/Code/vendor/laravel/framework/src/Illuminate/Queue/DatabaseQueue.php(194): Illuminate\Queue\DatabaseQueue->getNextAvailableJob('default')
#10 /home/vagrant/Code/vendor/laravel/framework/src/Illuminate/Queue/Worker.php(236): Illuminate\Queue\DatabaseQueue->pop('default')
#11 /home/vagrant/Code/vendor/laravel/framework/src/Illuminate/Queue/Worker.php(101): Illuminate\Queue\Worker->getNextJob(Object(Illuminate\Queue\DatabaseQueue), 'default')
#12 /home/vagrant/Code/vendor/laravel/framework/src/Illuminate/Queue/Console/WorkCommand.php(101): Illuminate\Queue\Worker->daemon('database', 'default', Object(Illuminate\Queue\WorkerOptions))
#13 /home/vagrant/Code/vendor/laravel/framework/src/Illuminate/Queue/Console/WorkCommand.php(85): Illuminate\Queue\Console\WorkCommand->runWorker('database', 'default')
#14 [internal function]: Illuminate\Queue\Console\WorkCommand->fire()
#15 /home/vagrant/Code/vendor/laravel/framework/src/Illuminate/Container/BoundMethod.php(29): call_user_func_array(Array, Array)
#16 /home/vagrant/Code/vendor/laravel/framework/src/Illuminate/Container/BoundMethod.php(87): Illuminate\Container\BoundMethod::Illuminate\Container\{closure}()
#17 /home/vagrant/Code/vendor/laravel/framework/src/Illuminate/Container/BoundMethod.php(31): Illuminate\Container\BoundMethod::callBoundMethod(Object(Illuminate\Foundation\Application), Array, Object(Closure))
#18 /home/vagrant/Code/vendor/laravel/framework/src/Illuminate/Container/Container.php(531): Illuminate\Container\BoundMethod::call(Object(Illuminate\Foundation\Application), Array, Array, NULL)
#19 /home/vagrant/Code/vendor/laravel/framework/src/Illuminate/Console/Command.php(182): Illuminate\Container\Container->call(Array)
#20 /home/vagrant/Code/vendor/symfony/console/Command/Command.php(262): Illuminate\Console\Command->execute(Object(Symfony\Component\Console\Input\ArgvInput), Object(Illuminate\Console\OutputStyle))
#21 /home/vagrant/Code/vendor/laravel/framework/src/Illuminate/Console/Command.php(167): Symfony\Component\Console\Command\Command->run(Object(Symfony\Component\Console\Input\ArgvInput), Object(Illuminate\Console\OutputStyle))
#22 /home/vagrant/Code/vendor/symfony/console/Application.php(826): Illuminate\Console\Command->run(Object(Symfony\Component\Console\Input\ArgvInput), Object(Symfony\Component\Console\Output\ConsoleOutput))
#23 /home/vagrant/Code/vendor/symfony/console/Application.php(190): Symfony\Component\Console\Application->doRunCommand(Object(Illuminate\Queue\Console\WorkCommand), Object(Symfony\Component\Console\Input\ArgvInput), Object(Symfony\Component\Console\Output\ConsoleOutput))
#24 /home/vagrant/Code/vendor/symfony/console/Application.php(121): Symfony\Component\Console\Application->doRun(Object(Symfony\Component\Console\Input\ArgvInput), Object(Symfony\Component\Console\Output\ConsoleOutput))
#25 /home/vagrant/Code/vendor/laravel/framework/src/Illuminate/Foundation/Console/Kernel.php(123): Symfony\Component\Console\Application->run(Object(Symfony\Component\Console\Input\ArgvInput), Object(Symfony\Component\Console\Output\ConsoleOutput))
#26 /home/vagrant/Code/artisan(35): Illuminate\Foundation\Console\Kernel->handle(Object(Symfony\Component\Console\Input\ArgvInput), Object(Symfony\Component\Console\Output\ConsoleOutput))
#27 {main}

Next Illuminate\Database\QueryException: Error while sending STMT_PREPARE packet. PID=2454 (SQL: select * from `jobs` where `queue` = default and ((`reserved_at` is null and `available_at` <= 1506503125) or (`reserved_at` <= 1506503035)) order by `id` asc limit 1 for update) in /home/vagrant/Code/vendor/laravel/framework/src/Illuminate/Database/Connection.php:647
Stack trace:
#0 /home/vagrant/Code/vendor/laravel/framework/src/Illuminate/Database/Connection.php(607): Illuminate\Database\Connection->runQueryCallback('select * from `...', Array, Object(Closure))
#1 /home/vagrant/Code/vendor/laravel/framework/src/Illuminate/Database/Connection.php(326): Illuminate\Database\Connection->run('select * from `...', Array, Object(Closure))
#2 /home/vagrant/Code/vendor/laravel/framework/src/Illuminate/Database/Query/Builder.php(1709): Illuminate\Database\Connection->select('select * from `...', Array, false)
#3 /home/vagrant/Code/vendor/laravel/framework/src/Illuminate/Database/Query/Builder.php(1694): Illuminate\Database\Query\Builder->runSelect()
#4 /home/vagrant/Code/vendor/laravel/framework/src/Illuminate/Database/Concerns/BuildsQueries.php(71): Illuminate\Database\Query\Builder->get(Array)
#5 /home/vagrant/Code/vendor/laravel/framework/src/Illuminate/Queue/DatabaseQueue.php(217): Illuminate\Database\Query\Builder->first()
#6 /home/vagrant/Code/vendor/laravel/framework/src/Illuminate/Queue/DatabaseQueue.php(194): Illuminate\Queue\DatabaseQueue->getNextAvailableJob('default')
#7 /home/vagrant/Code/vendor/laravel/framework/src/Illuminate/Queue/Worker.php(236): Illuminate\Queue\DatabaseQueue->pop('default')
#8 /home/vagrant/Code/vendor/laravel/framework/src/Illuminate/Queue/Worker.php(101): Illuminate\Queue\Worker->getNextJob(Object(Illuminate\Queue\DatabaseQueue), 'default')
#9 /home/vagrant/Code/vendor/laravel/framework/src/Illuminate/Queue/Console/WorkCommand.php(101): Illuminate\Queue\Worker->daemon('database', 'default', Object(Illuminate\Queue\WorkerOptions))
#10 /home/vagrant/Code/vendor/laravel/framework/src/Illuminate/Queue/Console/WorkCommand.php(85): Illuminate\Queue\Console\WorkCommand->runWorker('database', 'default')
#11 [internal function]: Illuminate\Queue\Console\WorkCommand->fire()
#12 /home/vagrant/Code/vendor/laravel/framework/src/Illuminate/Container/BoundMethod.php(29): call_user_func_array(Array, Array)
#13 /home/vagrant/Code/vendor/laravel/framework/src/Illuminate/Container/BoundMethod.php(87): Illuminate\Container\BoundMethod::Illuminate\Container\{closure}()
#14 /home/vagrant/Code/vendor/laravel/framework/src/Illuminate/Container/BoundMethod.php(31): Illuminate\Container\BoundMethod::callBoundMethod(Object(Illuminate\Foundation\Application), Array, Object(Closure))
#15 /home/vagrant/Code/vendor/laravel/framework/src/Illuminate/Container/Container.php(531): Illuminate\Container\BoundMethod::call(Object(Illuminate\Foundation\Application), Array, Array, NULL)
#16 /home/vagrant/Code/vendor/laravel/framework/src/Illuminate/Console/Command.php(182): Illuminate\Container\Container->call(Array)
#17 /home/vagrant/Code/vendor/symfony/console/Command/Command.php(262): Illuminate\Console\Command->execute(Object(Symfony\Component\Console\Input\ArgvInput), Object(Illuminate\Console\OutputStyle))
#18 /home/vagrant/C[2017-09-27 09:05:27] local.ERROR: ErrorException: Error while sending STMT_PREPARE packet. PID=2453 in /home/vagrant/Code/vendor/laravel/framework/src/Illuminate/Database/Connection.php:319
Stack trace:
#0 [internal function]: Illuminate\Foundation\Bootstrap\HandleExceptions->handleError(2, 'Error while sen...', '/home/vagrant/C...', 319, Array)
#1 /home/vagrant/Code/vendor/laravel/framework/src/Illuminate/Database/Connection.php(319): PDO->prepare('select * from `...')
#2 /home/vagrant/Code/vendor/laravel/framework/src/Illuminate/Database/Connection.php(640): Illuminate\Database\Connection->Illuminate\Database\{closure}('select * from `...', Array)
#3 /home/vagrant/Code/vendor/laravel/framework/src/Illuminate/Database/Connection.php(607): Illuminate\Database\Connection->runQueryCallback('select * from `...', Array, Object(Closure))
#4 /home/vagrant/Code/vendor/laravel/framework/src/Illuminate/Database/Connection.php(326): Illuminate\Database\Connection->run('select * from `...', Array, Object(Closure))
#5 /home/vagrant/Code/vendor/laravel/framework/src/Illuminate/Database/Query/Builder.php(1709): Illuminate\Database\Connection->select('select * from `...', Array, false)
#6 /home/vagrant/Code/vendor/laravel/framework/src/Illuminate/Database/Query/Builder.php(1694): Illuminate\Database\Query\Builder->runSelect()
#7 /home/vagrant/Code/vendor/laravel/framework/src/Illuminate/Database/Concerns/BuildsQueries.php(71): Illuminate\Database\Query\Builder->get(Array)
#8 /home/vagrant/Code/vendor/laravel/framework/src/Illuminate/Queue/DatabaseQueue.php(217): Illuminate\Database\Query\Builder->first()
#9 /home/vagrant/Code/vendor/laravel/framework/src/Illuminate/Queue/DatabaseQueue.php(194): Illuminate\Queue\DatabaseQueue->getNextAvailableJob('default')
#10 /home/vagrant/Code/vendor/laravel/framework/src/Illuminate/Queue/Worker.php(236): Illuminate\Queue\DatabaseQueue->pop('default')
#11 /home/vagrant/Code/vendor/laravel/framework/src/Illuminate/Queue/Worker.php(101): Illuminate\Queue\Worker->getNextJob(Object(Illuminate\Queue\DatabaseQueue), 'default')
#12 /home/vagrant/Code/vendor/laravel/framework/src/Illuminate/Queue/Console/WorkCommand.php(101): Illuminate\Queue\Worker->daemon('database', 'default', Object(Illuminate\Queue\WorkerOptions))
#13 /home/vagrant/Code/vendor/laravel/framework/src/Illuminate/Queue/Console/WorkCommand.php(85): Illuminate\Queue\Console\WorkCommand->runWorker('database', 'default')
#14 [internal function]: Illuminate\Queue\Console\WorkCommand->fire()
#15 /home/vagrant/Code/vendor/laravel/framework/src/Illuminate/Container/BoundMethod.php(29): call_user_func_array(Array, Array)
#16 /home/vagrant/Code/vendor/laravel/framework/src/Illuminate/Container/BoundMethod.php(87): Illuminate\Container\BoundMethod::Illuminate\Container\{closure}()
#17 /home/vagrant/Code/vendor/laravel/framework/src/Illuminate/Container/BoundMethod.php(31): Illuminate\Container\BoundMethod::callBoundMethod(Object(Illuminate\Foundation\Application), Array, Object(Closure))
#18 /home/vagrant/Code/vendor/laravel/framework/src/Illuminate/Container/Container.php(531): Illuminate\Container\BoundMethod::call(Object(Illuminate\Foundation\Application), Array, Array, NULL)
#19 /home/vagrant/Code/vendor/laravel/framework/src/Illuminate/Console/Command.php(182): Illuminate\Container\Container->call(Array)
#20 /home/vagrant/Code/vendor/symfony/console/Command/Command.php(262): Illuminate\Console\Command->execute(Object(Symfony\Component\Console\Input\ArgvInput), Object(Illuminate\Console\OutputStyle))
#21 /home/vagrant/Code/vendor/laravel/framework/src/Illuminate/Console/Command.php(167): Symfony\Component\Console\Command\Command->run(Object(Symfony\Component\Console\Input\ArgvInput), Object(Illuminate\Console\OutputStyle))
#22 /home/vagrant/Code/vendor/symfony/console/Application.php(826): Illuminate\Console\Command->run(Object(Symfony\Component\Console\Input\ArgvInput), Object(Symfony\Component\Console\Output\ConsoleOutput))
#23 /home/vagrant/Code/vendor/symfony/console/Application.php(190): Symfony\Component\Console\Application->doRunCommand(Object(Illuminate\Queue\Console\WorkCommand), Object(Symfony\Component\Console\Input\ArgvInput), Object(Symfony\Component\Console\Output\ConsoleOutput))
#24 /home/vagrant/Code/vendor/symfony/console/Application.php(121): Symfony\Component\Console\Application->doRun(Object(Symfony\Component\Console\Input\ArgvInput), Object(Symfony\Component\Console\Output\ConsoleOutput))
#25 /home/vagrant/Code/vendor/laravel/framework/src/Illuminate/Foundation/Console/Kernel.php(123): Symfony\Component\Console\Application->run(Object(Symfony\Component\Console\Input\ArgvInput), Object(Symfony\Component\Console\Output\ConsoleOutput))
#26 /home/vagrant/Code/artisan(35): Illuminate\Foundation\Console\Kernel->handle(Object(Symfony\Component\Console\Input\ArgvInput), Object(Symfony\Component\Console\Output\ConsoleOutput))
#27 {main}

Next Illuminate\Database\QueryException: Error while sending STMT_PREPARE packet. PID=2453 (SQL: select * from `jobs` where `queue` = default and ((`reserved_at` is null and `available_at` <= 1506503125) or (`reserved_at` <= 1506503035)) order by `id` asc limit 1 for update) in /home/vagrant/Code/vendor/laravel/framework/src/Illuminate/Database/Connection.php:647
Stack trace:
#0 /home/vagrant/Code/vendor/laravel/framework/src/Illuminate/Database/Connection.php(607): Illuminate\Database\Connection->runQueryCallback('select * from `...', Array, Object(Closure))
#1 /home/vagrant/Code/vendor/laravel/framework/src/Illuminate/Database/Connection.php(326): Illuminate\Database\Connection->run('select * from `...', Array, Object(Closure))
#2 /home/vagrant/Code/vendor/laravel/framework/src/Illuminate/Database/Query/Builder.php(1709): Illuminate\Database\Connection->select('select * from `...', Array, false)
#3 /home/vagrant/Code/vendor/laravel/framework/src/Illuminate/Database/Query/Builder.php(1694): Illuminate\Database\Query\Builder->runSelect()
#4 /home/vagrant/Code/vendor/laravel/framework/src/Illuminate/Database/Concerns/BuildsQueries.php(71): Illuminate\Database\Query\Builder->get(Array)
#5 /home/vagrant/Code/vendor/laravel/framework/src/Illuminate/Queue/DatabaseQueue.php(217): Illuminate\Database\Query\Builder->first()
#6 /home/vagrant/Code/vendor/laravel/framework/src/Illuminate/Queue/DatabaseQueue.php(194): Illuminate\Queue\DatabaseQueue->getNextAvailableJob('default')
#7 /home/vagrant/Code/vendor/laravel/framework/src/Illuminate/Queue/Worker.php(236): Illuminate\Queue\DatabaseQueue->pop('default')
#8 /home/vagrant/Code/vendor/laravel/framework/src/Illuminate/Queue/Worker.php(101): Illuminate\Queue\Worker->getNextJob(Object(Illuminate\Queue\DatabaseQueue), 'default')
#9 /home/vagrant/Code/vendor/laravel/framework/src/Illuminate/Queue/Console/WorkCommand.php(101): Illuminate\Queue\Worker->daemon('database', 'default', Object(Illuminate\Queue\WorkerOptions))
#10 /home/vagrant/Code/vendor/laravel/framework/src/Illuminate/Queue/Console/WorkCommand.php(85): Illuminate\Queue\Console\WorkCommand->runWorker('database', 'default')
#11 [internal function]: Illuminate\Queue\Console\WorkCommand->fire()
#12 /home/vagrant/Code/vendor/laravel/framework/src/Illuminate/Container/BoundMethod.php(29): call_user_func_array(Array, Array)
#13 /home/vagrant/Code/vendor/laravel/framework/src/Illuminate/Container/BoundMethod.php(87): Illuminate\Container\BoundMethod::Illuminate\Container\{closure}()
#14 /home/vagrant/Code/vendor/laravel/framework/src/Illuminate/Container/BoundMethod.php(31): Illuminate\Container\BoundMethod::callBoundMethod(Object(Illuminate\Foundation\Application), Array, Object(Closure))
#15 /home/vagrant/Code/vendor/laravel/framework/src/Illuminate/Container/Container.php(531): Illuminate\Container\BoundMethod::call(Object(Illuminate\Foundation\Application), Array, Array, NULL)
#16 /home/vagrant/Code/vendor/laravel/framework/src/Illuminate/Console/Command.php(182): Illuminate\Container\Container->call(Array)
#17 /home/vagrant/Code/vendor/symfony/console/Command/Command.php(262): Illuminate\Console\Command->execute(Object(Symfony\Component\Console\Input\ArgvInput), Object(Illuminate\Console\OutputStyle))
#18 /home/vagrant/Code/vendor/laravel/framework/src/Illuminate/Console/Command.php(167): Symfony\Component\Console\Command\Command->run(Object(Symfony\Component\Console\Input\ArgvInput), Object(Illuminate\Console\OutputStyle))
#19 /home/vagrant/Code/vendor/symfony/console/Application.php(826): Illuminate\Console\Command->run(Object(Symfony\Component\Console\Input\ArgvInput), Object(Symfony\Component\Console\Output\ConsoleOutput))
#20 /home/vagrant/Code/vendor/symfony/console/Application.php(190): Symfony\Component\Console\Application->doRunCommand(Object(Illuminate\Queue\Console\WorkCommand), Object(Symfony\Component\Console\Input\ArgvInput), Object(Symfony\Component\Console\Output\ConsoleOutput))
#21 /home/vagrant/Code/vendor/symfony/console/Application.php(121): Symfony\Component\Console\Application->doRun(Object(Symfony\Component\Console\Input\ArgvInput), Object(Symfony\Component\Console\Output\ConsoleOutput))
#22 /home/vagrant/Code/vendor/laravel/framework/src/Illuminate/Foundation/Console/Kernel.php(123): Symfony\Component\Console\Application->run(Object(Symfony\Component\Console\Input\ArgvInput), Object(Symfony\Component\Console\Output\ConsoleOutput))
#23 /home/vagrant/Code/artisan(35): Illuminate\Foundation\Console\Kernel->handle(Object(Symfony\Component\Console\Input\ArgvInput), Object(Symfony\Component\Console\Output\ConsoleOutput))
#24 {main}  
ode/vendor/laravel/framework/src/Illuminate/Console/Command.php(167): Symfony\Component\Console\Command\Command->run(Object(Symfony\Component\Console\Input\ArgvInput), Object(Illuminate\Console\OutputStyle))
#19 /home/vagrant/Code/vendor/symfony/console/Application.php(826): Illuminate\Console\Command->run(Object(Symfony\Component\Console\Input\ArgvInput), Object(Symfony\Component\Console\Output\ConsoleOutput))
#20 /home/vagrant/Code/vendor/symfony/console/Application.php(190): Symfony\Component\Console\Application->doRunCommand(Object(Illuminate\Queue\Console\WorkCommand), Object(Symfony\Component\Console\Input\ArgvInput), Object(Symfony\Component\Console\Output\ConsoleOutput))
#21 /home/vagrant/Code/vendor/symfony/console/Application.php(121): Symfony\Component\Console\Application->doRun(Object(Symfony\Component\Console\Input\ArgvInput), Object(Symfony\Component\Console\Output\ConsoleOutput))
#22 /home/vagrant/Code/vendor/laravel/framework/src/Illuminate/Foundation/Console/Kernel.php(123): Symfony\Component\Console\Application->run(Object(Symfony\Component\Console\Input\ArgvInput), Object(Symfony\Component\Console\Output\ConsoleOutput))
#23 /home/vagrant/Code/artisan(35): Illuminate\Foundation\Console\Kernel->handle(Object(Symfony\Component\Console\Input\ArgvInput), Object(Symfony\Component\Console\Output\ConsoleOutput))
#24 {main}  
[2017-09-27 09:05:27] local.ERROR: ErrorException: Error while sending STMT_PREPARE packet. PID=2455 in /home/vagrant/Code/vendor/laravel/framework/src/Illuminate/Database/Connection.php:319
Stack trace:
#0 [internal function]: Illuminate\Foundation\Bootstrap\HandleExceptions->handleError(2, 'Error while sen...', '/home/vagrant/C...', 319, Array)
#1 /home/vagrant/Code/vendor/laravel/framework/src/Illuminate/Database/Connection.php(319): PDO->prepare('select * from `...')
#2 /home/vagrant/Code/vendor/laravel/framework/src/Illuminate/Database/Connection.php(640): Illuminate\Database\Connection->Illuminate\Database\{closure}('select * from `...', Array)
#3 /home/vagrant/Code/vendor/laravel/framework/src/Illuminate/Database/Connection.php(607): Illuminate\Database\Connection->runQueryCallback('select * from `...', Array, Object(Closure))
#4 /home/vagrant/Code/vendor/laravel/framework/src/Illuminate/Database/Connection.php(326): Illuminate\Database\Connection->run('select * from `...', Array, Object(Closure))
#5 /home/vagrant/Code/vendor/laravel/framework/src/Illuminate/Database/Query/Builder.php(1709): Illuminate\Database\Connection->select('select * from `...', Array, false)
#6 /home/vagrant/Code/vendor/laravel/framework/src/Illuminate/Database/Query/Builder.php(1694): Illuminate\Database\Query\Builder->runSelect()
#7 /home/vagrant/Code/vendor/laravel/framework/src/Illuminate/Database/Concerns/BuildsQueries.php(71): Illuminate\Database\Query\Builder->get(Array)
#8 /home/vagrant/Code/vendor/laravel/framework/src/Illuminate/Queue/DatabaseQueue.php(217): Illuminate\Database\Query\Builder->first()
#9 /home/vagrant/Code/vendor/laravel/framework/src/Illuminate/Queue/DatabaseQueue.php(194): Illuminate\Queue\DatabaseQueue->getNextAvailableJob('default')
#10 /home/vagrant/Code/vendor/laravel/framework/src/Illuminate/Queue/Worker.php(236): Illuminate\Queue\DatabaseQueue->pop('default')
#11 /home/vagrant/Code/vendor/laravel/framework/src/Illuminate/Queue/Worker.php(101): Illuminate\Queue\Worker->getNextJob(Object(Illuminate\Queue\DatabaseQueue), 'default')
#12 /home/vagrant/Code/vendor/laravel/framework/src/Illuminate/Queue/Console/WorkCommand.php(101): Illuminate\Queue\Worker->daemon('database', 'default', Object(Illuminate\Queue\WorkerOptions))
#13 /home/vagrant/Code/vendor/laravel/framework/src/Illuminate/Queue/Console/WorkCommand.php(85): Illuminate\Queue\Console\WorkCommand->runWorker('database', 'default')
#14 [internal function]: Illuminate\Queue\Console\WorkCommand->fire()
#15 /home/vagrant/Code/vendor/laravel/framework/src/Illuminate/Container/BoundMethod.php(29): call_user_func_array(Array, Array)
#16 /home/vagrant/Code/vendor/laravel/framework/src/Illuminate/Container/BoundMethod.php(87): Illuminate\Container\BoundMethod::Illuminate\Container\{closure}()
#17 /home/vagrant/Code/vendor/laravel/framework/src/Illuminate/Container/BoundMethod.php(31): Illuminate\Container\BoundMethod::callBoundMethod(Object(Illuminate\Foundation\Application), Array, Object(Closure))
#18 /home/vagrant/Code/vendor/laravel/framework/src/Illuminate/Container/Container.php(531): Illuminate\Container\BoundMethod::call(Object(Illuminate\Foundation\Application), Array, Array, NULL)
#19 /home/vagrant/Code/vendor/laravel/framework/src/Illuminate/Console/Command.php(182): Illuminate\Container\Container->call(Array)
#20 /home/vagrant/Code/vendor/symfony/console/Command/Command.php(262): Illuminate\Console\Command->execute(Object(Symfony\Component\Console\Input\ArgvInput), Object(Illuminate\Console\OutputStyle))
#21 /home/vagrant/Code/vendor/laravel/framework/src/Illuminate/Console/Command.php(167): Symfony\Component\Console\Command\Command->run(Object(Symfony\Component\Console\Input\ArgvInput), Object(Illuminate\Console\OutputStyle))
#22 /home/vagrant/Code/vendor/symfony/console/Application.php(826): Illuminate\Console\Command->run(Object(Symfony\Component\Console\Input\ArgvInput), Object(Symfony\Component\Console\Output\ConsoleOutput))
#23 /home/vagrant/Code/vendor/symfony/console/Application.php(190): Symfony\Component\Console\Application->doRunCommand(Object(Illuminate\Queue\Console\WorkCommand), Object(Symfony\Component\Console\Input\ArgvInput), Object(Symfony\Component\Console\Output\ConsoleOutput))
#24 /home/vagrant/Code/vendor/symfony/console/Application.php(121): Symfony\Component\Console\Application->doRun(Object(Symfony\Component\Console\Input\ArgvInput), Object(Symfony\Component\Console\Output\ConsoleOutput))
#25 /home/vagrant/Code/vendor/laravel/framework/src/Illuminate/Foundation/Console/Kernel.php(123): Symfony\Component\Console\Application->run(Object(Symfony\Component\Console\Input\ArgvInput), Object(Symfony\Component\Console\Output\ConsoleOutput))
#26 /home/vagrant/Code/artisan(35): Illuminate\Foundation\Console\Kernel->handle(Object(Symfony\Component\Console\Input\ArgvInput), Object(Symfony\Component\Console\Output\ConsoleOutput))
#27 {main}

Next Illuminate\Database\QueryException: Error while sending STMT_PREPARE packet. PID=2455 (SQL: select * from `jobs` where `queue` = default and ((`reserved_at` is null and `available_at` <= 1506503125) or (`reserved_at` <= 1506503035)) order by `id` asc limit 1 for update) in /home/vagrant/Code/vendor/laravel/framework/src/Illuminate/Database/Connection.php:647
Stack trace:
#0 /home/vagrant/Code/vendor/laravel/framework/src/Illuminate/Database/Connection.php(607): Illuminate\Database\Connection->runQueryCallback('select * from `...', Array, Object(Closure))
#1 /home/vagrant/Code/vendor/laravel/framework/src/Illuminate/Database/Connection.php(326): Illuminate\Database\Connection->run('select * from `...', Array, Object(Closure))
#2 /home/vagrant/Code/vendor/laravel/framework/src/Illuminate/Database/Query/Builder.php(1709): Illuminate\Database\Connection->select('select * from `...', Array, false)
#3 /home/vagrant/Code/vendor/laravel/framework/src/Illuminate/Database/Query/Builder.php(1694): Illuminate\Database\Query\Builder->runSelect()
#4 /home/vagrant/Code/vendor/laravel/framework/src/Illuminate/Database/Concerns/BuildsQueries.php(71): Illuminate\Database\Query\Builder->get(Array)
#5 /home/vagrant/Code/vendor/laravel/framework/src/Illuminate/Queue/DatabaseQueue.php(217): Illuminate\Database\Query\Builder->first()
#6 /home/vagrant/Code/vendor/laravel/framework/src/Illuminate/Queue/DatabaseQueue.php(194): Illuminate\Queue\DatabaseQueue->getNextAvailableJob('default')
#7 /home/vagrant/Code/vendor/laravel/framework/src/Illuminate/Queue/Worker.php(236): Illuminate\Queue\DatabaseQueue->pop('default')
#8 /home/vagrant/Code/vendor/laravel/framework/src/Illuminate/Queue/Worker.php(101): Illuminate\Queue\Worker->getNextJob(Object(Illuminate\Queue\DatabaseQueue), 'default')
#9 /home/vagrant/Code/vendor/laravel/framework/src/Illuminate/Queue/Console/WorkCommand.php(101): Illuminate\Queue\Worker->daemon('database', 'default', Object(Illuminate\Queue\WorkerOptions))
#10 /home/vagrant/Code/vendor/laravel/framework/src/Illuminate/Queue/Console/WorkCommand.php(85): Illuminate\Queue\Console\WorkCommand->runWorker('database', 'default')
#11 [internal function]: Illuminate\Queue\Console\WorkCommand->fire()
#12 /home/vagrant/Code/vendor/laravel/framework/src/Illuminate/Container/BoundMethod.php(29): call_user_func_array(Array, Array)
#13 /home/vagrant/Code/vendor/laravel/framework/src/Illuminate/Container/BoundMethod.php(87): Illuminate\Container\BoundMethod::Illuminate\Container\{closure}()
#14 /home/vagrant/Code/vendor/laravel/framework/src/Illuminate/Container/BoundMethod.php(31): Illuminate\Container\BoundMethod::callBoundMethod(Object(Illuminate\Foundation\Application), Array, Object(Closure))
#15 /home/vagrant/Code/vendor/laravel/framework/src/Illuminate/Container/Container.php(531): Illuminate\Container\BoundMethod::call(Object(Illuminate\Foundation\Application), Array, Array, NULL)
#16 /home/vagrant/Code/vendor/laravel/framework/src/Illuminate/Console/Command.php(182): Illuminate\Container\Container->call(Array)
#17 /home/vagrant/Code/vendor/symfony/console/Command/Command.php(262): Illuminate\Console\Command->execute(Object(Symfony\Component\Console\Input\ArgvInput), Object(Illuminate\Console\OutputStyle))
#18 /home/vagrant/Code/vendor/laravel/framework/src/Illuminate/Console/Command.php(167): Symfony\Component\Console\Command\Command->run(Object(Symfony\Component\Console\Input\ArgvInput), Object(Illuminate\Console\OutputStyle))
#19 /home/vagrant/Code/vendor/symfony/console/Application.php(826): Illuminate\Console\Command->run(Object(Symfony\Component\Console\Input\ArgvInput), Object(Symfony\Component\Console\Output\ConsoleOutput))
#20 /home/vagrant/Code/vendor/symfony/console/Application.php(190): Symfony\Component\Console\Application->doRunCommand(Object(Illuminate\Queue\Console\WorkCommand), Object(Symfony\Component\Console\Input\ArgvInput), Object(Symfony\Component\Console\Output\ConsoleOutput))
#21 /home/vagrant/Code/vendor/symfony/console/Application.php(121): Symfony\Component\Console\Application->doRun(Object(Symfony\Component\Console\Input\ArgvInput), Object(Symfony\Component\Console\Output\ConsoleOutput))
#22 /home/vagrant/Code/vendor/laravel/framework/src/Illuminate/Foundation/Console/Kernel.php(123): Symfony\Component\Console\Application->run(Object(Symfony\Component\Console\Input\ArgvInput), Object(Symfony\Component\Console\Output\ConsoleOutput))
#23 /home/vagrant/Code/artisan(35): Illuminate\Foundation\Console\Kernel->handle(Object(Symfony\Component\Console\Input\ArgvInput), Object(Symfony\Component\Console\Output\ConsoleOutput))
#24 {main}  
[2017-09-27 09:05:27] local.ERROR: ErrorException: Error while sending STMT_PREPARE packet. PID=2457 in /home/vagrant/Code/vendor/laravel/framework/src/Illuminate/Database/Connection.php:319
Stack trace:
#0 [internal function]: Illuminate\Foundation\Bootstrap\HandleExceptions->handleError(2, 'Error while sen...', '/home/vagrant/C...', 319, Array)
#1 /home/vagrant/Code/vendor/laravel/framework/src/Illuminate/Database/Connection.php(319): PDO->prepare('select * from `...')
#2 /home/vagrant/Code/vendor/laravel/framework/src/Illuminate/Database/Connection.php(640): Illuminate\Database\Connection->Illuminate\Database\{closure}('select * from `...', Array)
#3 /home/vagrant/Code/vendor/laravel/framework/src/Illuminate/Database/Connection.php(607): Illuminate\Database\Connection->runQueryCallback('select * from `...', Array, Object(Closure))
#4 /home/vagrant/Code/vendor/laravel/framework/src/Illuminate/Database/Connection.php(326): Illuminate\Database\Connection->run('select * from `...', Array, Object(Closure))
#5 /home/vagrant/Code/vendor/laravel/framework/src/Illuminate/Database/Query/Builder.php(1709): Illuminate\Database\Connection->select('select * from `...', Array, false)
#6 /home/vagrant/Code/vendor/laravel/framework/src/Illuminate/Database/Query/Builder.php(1694): Illuminate\Database\Query\Builder->runSelect()
#7 /home/vagrant/Code/vendor/laravel/framework/src/Illuminate/Database/Concerns/BuildsQueries.php(71): Illuminate\Database\Query\Builder->get(Array)
#8 /home/vagrant/Code/vendor/laravel/framework/src/Illuminate/Queue/DatabaseQueue.php(217): Illuminate\Database\Query\Builder->first()
#9 /home/vagrant/Code/vendor/laravel/framework/src/Illuminate/Queue/DatabaseQueue.php(194): Illuminate\Queue\DatabaseQueue->getNextAvailableJob('default')
#10 /home/vagrant/Code/vendor/laravel/framework/src/Illuminate/Queue/Worker.php(236): Illuminate\Queue\DatabaseQueue->pop('default')
#11 /home/vagrant/Code/vendor/laravel/framework/src/Illuminate/Queue/Worker.php(101): Illuminate\Queue\Worker->getNextJob(Object(Illuminate\Queue\DatabaseQueue), 'default')
#12 /home/vagrant/Code/vendor/laravel/framework/src/Illuminate/Queue/Console/WorkCommand.php(101): Illuminate\Queue\Worker->daemon('database', 'default', Object(Illuminate\Queue\WorkerOptions))
#13 /home/vagrant/Code/vendor/laravel/framework/src/Illuminate/Queue/Console/WorkCommand.php(85): Illuminate\Queue\Console\WorkCommand->runWorker('database', 'default')
#14 [internal function]: Illuminate\Queue\Console\WorkCommand->fire()
#15 /home/vagrant/Code/vendor/laravel/framework/src/Illuminate/Container/BoundMethod.php(29): call_user_func_array(Array, Array)
#16 /home/vagrant/Code/vendor/laravel/framework/src/Illuminate/Container/BoundMethod.php(87): Illuminate\Container\BoundMethod::Illuminate\Container\{closure}()
#17 /home/vagrant/Code/vendor/laravel/framework/src/Illuminate/Container/BoundMethod.php(31): Illuminate\Container\BoundMethod::callBoundMethod(Object(Illuminate\Foundation\Application), Array, Object(Closure))
#18 /home/vagrant/Code/vendor/laravel/framework/src/Illuminate/Container/Container.php(531): Illuminate\Container\BoundMethod::call(Object(Illuminate\Foundation\Application), Array, Array, NULL)
#19 /home/vagrant/Code/vendor/laravel/framework/src/Illuminate/Console/Command.php(182): Illuminate\Container\Container->call(Array)
#20 /home/vagrant/Code/vendor/symfony/console/Command/Command.php(262): Illuminate\Console\Command->execute(Object(Symfony\Component\Console\Input\ArgvInput), Object(Illuminate\Console\OutputStyle))
#21 /home/vagrant/Code/vendor/laravel/framework/src/Illuminate/Console/Command.php(167): Symfony\Component\Console\Command\Command->run(Object(Symfony\Component\Console\Input\ArgvInput), Object(Illuminate\Console\OutputStyle))
#22 /home/vagrant/Code/vendor/symfony/console/Application.php(826): Illuminate\Console\Command->run(Object(Symfony\Component\Console\Input\ArgvInput), Object(Symfony\Component\Console\Output\ConsoleOutput))
#23 /home/vagrant/Code/vendor/symfony/console/Application.php(190): Symfony\Component\Console\Application->doRunCommand(Object(Illuminate\Queue\Console\WorkCommand), Object(Symfony\Component\Console\Input\ArgvInput), Object(Symfony\Component\Console\Output\ConsoleOutput))
#24 /home/vagrant/Code/vendor/symfony/console/Application.php(121): Symfony\Component\Console\Application->doRun(Object(Symfony\Component\Console\Input\ArgvInput), Object(Symfony\Component\Console\Output\ConsoleOutput))
#25 /home/vagrant/Code/vendor/laravel/framework/src/Illuminate/Foundation/Console/Kernel.php(123): Symfony\Component\Console\Application->run(Object(Symfony\Component\Console\Input\ArgvInput), Object(Symfony\Component\Console\Output\ConsoleOutput))
#26 /home/vagrant/Code/artisan(35): Illuminate\Foundation\Console\Kernel->handle(Object(Symfony\Component\Console\Input\ArgvInput), Object(Symfony\Component\Console\Output\ConsoleOutput))
#27 {main}

Next Illuminate\Database\QueryException: Error while sending STMT_PREPARE packet. PID=2457 (SQL: select * from `jobs` where `queue` = default and ((`reserved_at` is null and `available_at` <= 1506503125) or (`reserved_at` <= 1506503035)) order by `id` asc limit 1 for update) in /home/vagrant/Code/vendor/laravel/framework/src/Illuminate/Database/Connection.php:647
Stack trace:
#0 /home/vagrant/Code/vendor/laravel/framework/src/Illuminate/Database/Connection.php(607): Illuminate\Database\Connection->runQueryCallback('select * from `...', Array, Object(Closure))
#1 /home/vagrant/Code/vendor/laravel/framework/src/Illuminate/Database/Connection.php(326): Illuminate\Database\Connection->run('select * from `...', Array, Object(Closure))
#2 /home/vagrant/Code/vendor/laravel/framework/src/Illuminate/Database/Query/Builder.php(1709): Illuminate\Database\Connection->select('select * from `...', Array, false)
#3 /home/vagrant/Code/vendor/laravel/framework/src/Illuminate/Database/Query/Builder.php(1694): Illuminate\Database\Query\Builder->runSelect()
#4 /home/vagrant/Code/vendor/laravel/framework/src/Illuminate/Database/Concerns/BuildsQueries.php(71): Illuminate\Database\Query\Builder->get(Array)
#5 /home/vagrant/Code/vendor/laravel/framework/src/Illuminate/Queue/DatabaseQueue.php(217): Illuminate\Database\Query\Builder->first()
#6 /home/vagrant/Code/vendor/laravel/framework/src/Illuminate/Queue/DatabaseQueue.php(194): Illuminate\Queue\DatabaseQueue->getNextAvailableJob('default')
#7 /home/vagrant/Code/vendor/laravel/framework/src/Illuminate/Queue/Worker.php(236): Illuminate\Queue\DatabaseQueue->pop('default')
#8 /home/vagrant/Code/vendor/laravel/framework/src/Illuminate/Queue/Worker.php(101): Illuminate\Queue\Worker->getNextJob(Object(Illuminate\Queue\DatabaseQueue), 'default')
#9 /home/vagrant/Code/vendor/laravel/framework/src/Illuminate/Queue/Console/WorkCommand.php(101): Illuminate\Queue\Worker->daemon('database', 'default', Object(Illuminate\Queue\WorkerOptions))
#10 /home/vagrant/Code/vendor/laravel/framework/src/Illuminate/Queue/Console/WorkCommand.php(85): Illuminate\Queue\Console\WorkCommand->runWorker('database', 'default')
#11 [internal function]: Illuminate\Queue\Console\WorkCommand->fire()
#12 /home/vagrant/Code/vendor/laravel/framework/src/Illuminate/Container/BoundMethod.php(29): call_user_func_array(Array, Array)
#13 /home/vagrant/Code/vendor/laravel/framework/src/Illuminate/Container/BoundMethod.php(87): Illuminate\Container\BoundMethod::Illuminate\Container\{closure}()
#14 /home/vagrant/Code/vendor/laravel/framework/src/Illuminate/Container/BoundMethod.php(31): Illuminate\Container\BoundMethod::callBoundMethod(Object(Illuminate\Foundation\Application), Array, Object(Closure))
#15 /home/vagrant/Code/vendor/laravel/framework/src/Illuminate/Container/Container.php(531): Illuminate\Container\BoundMethod::call(Object(Illuminate\Foundation\Application), Array, Array, NULL)
#16 /home/vagrant/Code/vendor/laravel/framework/src/Illuminate/Console/Command.php(182): Illuminate\Container\Container->call(Array)
#17 /home/vagrant/Code/vendor/symfony/console/Command/Command.php(262): Illuminate\Console\Command->execute(Object(Symfony\Component\Console\Input\ArgvInput), Object(Illuminate\Console\OutputStyle))
#18 /home/vagrant/Code/vendor/laravel/framework/src/Illuminate/Console/Command.php(167): Symfony\Component\Console\Command\Command->run(Object(Symfony\Component\Console\Input\ArgvInput), Object(Illuminate\Console\OutputStyle))
#19 /home/vagrant/Code/vendor/symfony/console/Application.php(826): Illuminate\Console\Command->run(Object(Symfony\Component\Console\Input\ArgvInput), Object(Symfony\Component\Console\Output\ConsoleOutput))
#20 /home/vagrant/Code/vendor/symfony/console/Application.php(190): Symfony\Component\Console\Application->doRunCommand(Object(Illuminate\Queue\Console\WorkCommand), Object(Symfony\Component\Console\Input\ArgvInput), Object(Symfony\Component\Console\Output\ConsoleOutput))
#21 /home/vagrant/Code/vendor/symfony/console/Application.php(121): Symfony\Component\Console\Application->doRun(Object(Symfony\Component\Console\Input\ArgvInput), Object(Symfony\Component\Console\Output\ConsoleOutput))
#22 /home/vagrant/Code/vendor/laravel/framework/src/Illuminate/Foundation/Console/Kernel.php(123): Symfony\Component\Console\Application->run(Object(Symfony\Component\Console\Input\ArgvInput), Object(Symfony\Component\Console\Output\ConsoleOutput))
#23 /home/vagrant/Code/artisan(35): Illuminate\Foundation\Console\Kernel->handle(Object(Symfony\Component\Console\Input\ArgvInput), Object(Symfony\Component\Console\Output\ConsoleOutput))
#24 {main}  
